Log file open, 04/23/22 11:09:52
LogWindows: Failed to load 'aqProf.dll' (GetLastError=126)
LogWindows: File 'aqProf.dll' does not exist
LogWindows: Failed to load 'VtuneApi.dll' (GetLastError=126)
LogWindows: File 'VtuneApi.dll' does not exist
LogWindows: Failed to load 'VtuneApi32e.dll' (GetLastError=126)
LogWindows: File 'VtuneApi32e.dll' does not exist
LogConsoleResponse: Display: Failed to find resolution value strings in scalability ini. Falling back to default.
LogConsoleResponse: Display: Failed to find resolution value strings in scalability ini. Falling back to default.
LogInit: Display: Running engine for game: SchizophrenyaVR
LogPlatformFile: Not using cached read wrapper
LogTaskGraph: Started task graph with 5 named threads and 35 total threads with 3 sets of task threads.
LogStats: Stats thread started at 1.677438
LogICUInternationalization: ICU TimeZone Detection - Raw Offset: -3:00, Platform Override: ''
LogInit: Display: Loading text-based GConfig....
LogPluginManager: Mounting plugin MegascansPlugin
LogPluginManager: Mounting plugin MeshPainting
LogPluginManager: Mounting plugin XGEController
LogPluginManager: Mounting plugin Paper2D
LogPluginManager: Mounting plugin AISupport
LogPluginManager: Mounting plugin EnvironmentQueryEditor
LogPluginManager: Mounting plugin LightPropagationVolume
LogPluginManager: Mounting plugin LiveLink
LogPluginManager: Mounting plugin CameraShakePreviewer
LogPluginManager: Mounting plugin GameplayCameras
LogPluginManager: Mounting plugin AnimationSharing
LogPluginManager: Mounting plugin CLionSourceCodeAccess
LogPluginManager: Mounting plugin GitSourceControl
LogPluginManager: Mounting plugin PerforceSourceControl
LogPluginManager: Mounting plugin PixWinPlugin
LogPluginManager: Mounting plugin PluginUtils
LogPluginManager: Mounting plugin PlasticSourceControl
LogPluginManager: Mounting plugin PropertyAccessNode
LogPluginManager: Mounting plugin SubversionSourceControl
LogPluginManager: Mounting plugin TextureFormatOodle
LogPluginManager: Mounting plugin RiderSourceCodeAccess
LogPluginManager: Mounting plugin VisualStudioSourceCodeAccess
LogPluginManager: Mounting plugin VisualStudioCodeSourceCodeAccess
LogPluginManager: Mounting plugin UObjectPlugin
LogPluginManager: Mounting plugin OodleData
LogPluginManager: Mounting plugin KDevelopSourceCodeAccess
LogPluginManager: Mounting plugin OodleNetwork
LogPluginManager: Mounting plugin NullSourceCodeAccess
LogPluginManager: Mounting plugin CodeLiteSourceCodeAccess
LogPluginManager: Mounting plugin DatasmithContent
LogPluginManager: Mounting plugin VariantManagerContent
LogPluginManager: Mounting plugin Niagara
LogPluginManager: Mounting plugin AlembicImporter
LogPluginManager: Mounting plugin AutomationUtils
LogPluginManager: Mounting plugin BackChannel
LogPluginManager: Mounting plugin ChaosCloth
LogPluginManager: Mounting plugin ChaosClothEditor
LogPluginManager: Mounting plugin ChaosSolverPlugin
LogPluginManager: Mounting plugin ChaosNiagara
LogPluginManager: Mounting plugin ChaosEditor
LogPluginManager: Mounting plugin CharacterAI
LogPluginManager: Mounting plugin GeometryCache
LogPluginManager: Mounting plugin GeometryCollectionPlugin
LogPluginManager: Mounting plugin AssetManagerEditor
LogPluginManager: Mounting plugin XCodeSourceCodeAccess
LogPluginManager: Mounting plugin CryptoKeys
LogPluginManager: Mounting plugin CurveEditorTools
LogPluginManager: Mounting plugin DataValidation
LogPluginManager: Mounting plugin EditorScriptingUtilities
LogPluginManager: Mounting plugin FacialAnimation
LogPluginManager: Mounting plugin GameplayTagsEditor
LogPluginManager: Mounting plugin GeometryMode
LogPluginManager: Mounting plugin MacGraphicsSwitching
LogPluginManager: Mounting plugin MaterialAnalyzer
LogPluginManager: Mounting plugin PluginBrowser
LogPluginManager: Mounting plugin MobileLauncherProfileWizard
LogPluginManager: Mounting plugin SpeedTreeImporter
LogPluginManager: Mounting plugin GeometryProcessing
LogPluginManager: Mounting plugin LuminPlatformFeatures
LogPluginManager: Mounting plugin MagicLeap
LogPluginManager: Mounting plugin MagicLeapLightEstimation
LogPluginManager: Mounting plugin MagicLeapMedia
LogPluginManager: Mounting plugin MagicLeapPassableWorld
LogPluginManager: Mounting plugin MLSDK
LogPluginManager: Mounting plugin MotoSynth
LogPluginManager: Mounting plugin OpenImageDenoise
LogPluginManager: Mounting plugin PlanarCut
LogPluginManager: Mounting plugin AndroidMedia
LogPluginManager: Mounting plugin PlatformCrypto
LogPluginManager: Mounting plugin ProxyLODPlugin
LogPluginManager: Mounting plugin PythonScriptPlugin
LogPluginManager: Mounting plugin AvfMedia
LogPluginManager: Mounting plugin SimpleHMD
LogPluginManager: Mounting plugin SkeletalReduction
LogPluginManager: Mounting plugin ImgMedia
LogPluginManager: Mounting plugin MediaCompositing
LogPluginManager: Mounting plugin MediaPlayerEditor
LogPluginManager: Mounting plugin WebMMedia
LogPluginManager: Mounting plugin WmfMedia
LogPluginManager: Mounting plugin TcpMessaging
LogPluginManager: Mounting plugin UdpMessaging
LogPluginManager: Mounting plugin ActorSequence
LogPluginManager: Mounting plugin LevelSequenceEditor
LogPluginManager: Mounting plugin MatineeToLevelSequence
LogPluginManager: Mounting plugin TemplateSequence
LogPluginManager: Mounting plugin OnlineSubsystem
LogPluginManager: Mounting plugin OnlineSubsystemNull
LogPluginManager: Mounting plugin OnlineSubsystemUtils
LogPluginManager: Mounting plugin LauncherChunkInstaller
LogPluginManager: Mounting plugin ActorLayerUtilities
LogPluginManager: Mounting plugin AndroidPermission
LogPluginManager: Mounting plugin AppleImageUtils
LogPluginManager: Mounting plugin ArchVisCharacter
LogPluginManager: Mounting plugin AssetTags
LogPluginManager: Mounting plugin AudioCapture
LogPluginManager: Mounting plugin AudioSynesthesia
LogPluginManager: Mounting plugin CableComponent
LogPluginManager: Mounting plugin AndroidDeviceProfileSelector
LogPluginManager: Mounting plugin ChunkDownloader
LogPluginManager: Mounting plugin CustomMeshComponent
LogPluginManager: Mounting plugin EditableMesh
LogPluginManager: Mounting plugin ExampleDeviceProfileSelector
LogPluginManager: Mounting plugin AndroidMoviePlayer
LogPluginManager: Mounting plugin GooglePAD
LogPluginManager: Mounting plugin AppleMoviePlayer
LogPluginManager: Mounting plugin ScreenshotTools
LogPluginManager: Mounting plugin GoogleCloudMessaging
LogPluginManager: Mounting plugin LocationServicesBPLibrary
LogPluginManager: Mounting plugin MobilePatchingUtils
LogPluginManager: Mounting plugin IOSDeviceProfileSelector
LogPluginManager: Mounting plugin OpenXR
LogPluginManager: Mounting plugin OpenXREyeTracker
LogPluginManager: Mounting plugin OpenXRHandTracking
LogPluginManager: Mounting plugin PhysXVehicles
LogPluginManager: Mounting plugin PostSplashScreen
LogPluginManager: Mounting plugin ProceduralMeshComponent
LogPluginManager: Mounting plugin PropertyAccessEditor
LogPluginManager: Mounting plugin LinuxDeviceProfileSelector
LogPluginManager: Mounting plugin ResonanceAudio
LogPluginManager: Mounting plugin SignificanceManager
LogPluginManager: Mounting plugin RuntimePhysXCooking
LogPluginManager: Mounting plugin SoundFields
LogPluginManager: Mounting plugin Synthesis
LogPluginManager: Mounting plugin WebMMoviePlayer
LogPluginManager: Mounting plugin WindowsMixedReality
LogPluginManager: Mounting plugin WindowsMoviePlayer
LogPluginManager: Mounting plugin Takes
LogPluginManager: Mounting plugin ContentBrowserClassDataSource
LogPluginManager: Mounting plugin ContentBrowserAssetDataSource
LogPluginManager: Mounting plugin ContentBrowserFileDataSource
LogPluginManager: Mounting plugin OnlineSubsystemGooglePlay
LogPluginManager: Mounting plugin OnlineSubsystemIOS
LogPluginManager: Mounting plugin DatabaseSupport
LogPluginManager: Mounting plugin SQLiteCore
LogPluginManager: Mounting plugin SQLiteSupport
LogPluginManager: Mounting plugin OculusOpenXR
LogPluginManager: Mounting plugin OculusVR
LogPluginManager: Mounting plugin SteamVR
PixWinPlugin: PIX capture plugin failed to initialize! Check that the process is launched from PIX.
LogInit: Using libcurl 7.55.1-DEV
LogInit:  - built for x86_64-pc-win32
LogInit:  - supports SSL with OpenSSL/1.1.1
LogInit:  - supports HTTP deflate (compression) using libz 1.2.8
LogInit:  - other features:
LogInit:      CURL_VERSION_SSL
LogInit:      CURL_VERSION_LIBZ
LogInit:      CURL_VERSION_IPV6
LogInit:      CURL_VERSION_ASYNCHDNS
LogInit:      CURL_VERSION_LARGEFILE
LogInit:      CURL_VERSION_IDN
LogInit:  CurlRequestOptions (configurable via config and command line):
LogInit:  - bVerifyPeer = true  - Libcurl will verify peer certificate
LogInit:  - bUseHttpProxy = false  - Libcurl will NOT use HTTP proxy
LogInit:  - bDontReuseConnections = false  - Libcurl will reuse connections
LogInit:  - MaxHostConnections = 16  - Libcurl will limit the number of connections to a host
LogInit:  - LocalHostAddr = Default
LogInit:  - BufferSize = 65536
LogOnline: OSS: Creating online subsystem instance for: NULL
LogInit: WinSock: version 1.1 (2.2), MaxSocks=32767, MaxUdp=65467
LogOnline: OSS: TryLoadSubsystemAndSetDefault: Loaded subsystem for module [NULL]
LogOculusPluginWrapper: OculusPlugin initialized successfully
LogHMD: Failed initializing OVRPlugin 1.59.0
LogInit: Build: ++UE4+Release-4.27-CL-18319896
LogInit: Engine Version: 4.27.2-18319896+++UE4+Release-4.27
LogInit: Compatible Engine Version: 4.27.0-17155196+++UE4+Release-4.27
LogInit: Net CL: 17155196
LogInit: OS: Windows 10 (Release 2009) (), CPU: 11th Gen Intel(R) Core(TM) i5-11400 @ 2.60GHz, GPU: NVIDIA GeForce GTX 1650
LogInit: Compiled (64-bit): Nov 30 2021 07:12:08
LogInit: Compiled with Visual C++: 19.24.28315.00
LogInit: Build Configuration: Development
LogInit: Branch Name: ++UE4+Release-4.27
LogInit: Command Line: 
LogInit: Base Directory: C:/Program Files/Epic Games/UE_4.27/Engine/Binaries/Win64/
LogInit: Allocator: TBB
LogInit: Installed Engine Build: 1
LogDevObjectVersion: Number of dev versions registered: 29
LogDevObjectVersion:   Dev-Blueprints (B0D832E4-1F89-4F0D-ACCF-7EB736FD4AA2): 10
LogDevObjectVersion:   Dev-Build (E1C64328-A22C-4D53-A36C-8E866417BD8C): 0
LogDevObjectVersion:   Dev-Core (375EC13C-06E4-48FB-B500-84F0262A717E): 4
LogDevObjectVersion:   Dev-Editor (E4B068ED-F494-42E9-A231-DA0B2E46BB41): 40
LogDevObjectVersion:   Dev-Framework (CFFC743F-43B0-4480-9391-14DF171D2073): 37
LogDevObjectVersion:   Dev-Mobile (B02B49B5-BB20-44E9-A304-32B752E40360): 3
LogDevObjectVersion:   Dev-Networking (A4E4105C-59A1-49B5-A7C5-40C4547EDFEE): 0
LogDevObjectVersion:   Dev-Online (39C831C9-5AE6-47DC-9A44-9C173E1C8E7C): 0
LogDevObjectVersion:   Dev-Physics (78F01B33-EBEA-4F98-B9B4-84EACCB95AA2): 14
LogDevObjectVersion:   Dev-Platform (6631380F-2D4D-43E0-8009-CF276956A95A): 0
LogDevObjectVersion:   Dev-Rendering (12F88B9F-8875-4AFC-A67C-D90C383ABD29): 45
LogDevObjectVersion:   Dev-Sequencer (7B5AE74C-D270-4C10-A958-57980B212A5A): 13
LogDevObjectVersion:   Dev-VR (D7296918-1DD6-4BDD-9DE2-64A83CC13884): 3
LogDevObjectVersion:   Dev-LoadTimes (C2A15278-BFE7-4AFE-6C17-90FF531DF755): 1
LogDevObjectVersion:   Private-Geometry (6EACA3D4-40EC-4CC1-B786-8BED09428FC5): 3
LogDevObjectVersion:   Dev-AnimPhys (29E575DD-E0A3-4627-9D10-D276232CDCEA): 17
LogDevObjectVersion:   Dev-Anim (AF43A65D-7FD3-4947-9873-3E8ED9C1BB05): 15
LogDevObjectVersion:   Dev-ReflectionCapture (6B266CEC-1EC7-4B8F-A30B-E4D90942FC07): 1
LogDevObjectVersion:   Dev-Automation (0DF73D61-A23F-47EA-B727-89E90C41499A): 1
LogDevObjectVersion:   FortniteMain (601D1886-AC64-4F84-AA16-D3DE0DEAC7D6): 47
LogDevObjectVersion:   FortniteRelease (E7086368-6B23-4C58-8439-1B7016265E91): 1
LogDevObjectVersion:   Dev-Enterprise (9DFFBCD6-494F-0158-E221-12823C92A888): 10
LogDevObjectVersion:   Dev-Niagara (F2AED0AC-9AFE-416F-8664-AA7FFA26D6FC): 1
LogDevObjectVersion:   Dev-Destruction (174F1F0B-B4C6-45A5-B13F-2EE8D0FB917D): 10
LogDevObjectVersion:   Dev-Physics-Ext (35F94A83-E258-406C-A318-09F59610247C): 41
LogDevObjectVersion:   Dev-PhysicsMaterial-Chaos (B68FC16E-8B1B-42E2-B453-215C058844FE): 1
LogDevObjectVersion:   Dev-CineCamera (B2E18506-4273-CFC2-A54E-F4BB758BBA07): 1
LogDevObjectVersion:   Dev-VirtualProduction (64F58936-FD1B-42BA-BA96-7289D5D0FA4E): 1
LogDevObjectVersion:   Dev-MediaFramework (6F0ED827-A609-4895-9C91-998D90180EA4): 2
LogInit: Presizing for max 25165824 objects, including 0 objects not considered by GC, pre-allocating 0 bytes for permanent pool.
LogConfig: Applying CVar settings from Section [/Script/Engine.StreamingSettings] File [E:/Merci-Bkp/000-SchizophrenyaProject/Schizophrenya_VR/SchizophrenyaVR/Saved/Config/Windows/Engine.ini]
LogConfig: Setting CVar [[s.MinBulkDataSizeForAsyncLoading:131072]]
LogConfig: Setting CVar [[s.AsyncLoadingThreadEnabled:0]]
LogConfig: Setting CVar [[s.EventDrivenLoaderEnabled:1]]
LogConfig: Setting CVar [[s.WarnIfTimeLimitExceeded:0]]
LogConfig: Setting CVar [[s.TimeLimitExceededMultiplier:1.5]]
LogConfig: Setting CVar [[s.TimeLimitExceededMinTime:0.005]]
LogConfig: Setting CVar [[s.UseBackgroundLevelStreaming:1]]
LogConfig: Setting CVar [[s.PriorityAsyncLoadingExtraTime:15.0]]
LogConfig: Setting CVar [[s.LevelStreamingActorsUpdateTimeLimit:5.0]]
LogConfig: Setting CVar [[s.PriorityLevelStreamingActorsUpdateExtraTime:5.0]]
LogConfig: Setting CVar [[s.LevelStreamingComponentsRegistrationGranularity:10]]
LogConfig: Setting CVar [[s.UnregisterComponentsTimeLimit:1.0]]
LogConfig: Setting CVar [[s.LevelStreamingComponentsUnregistrationGranularity:5]]
LogConfig: Setting CVar [[s.FlushStreamingOnExit:1]]
LogInit: Object subsystem initialized
LogConfig: Setting CVar [[con.DebugEarlyDefault:1]]
LogConfig: Setting CVar [[r.setres:1280x720]]
[2022.04.23-14.09.56:175][  0]LogConfig: Setting CVar [[r.VSync:0]]
[2022.04.23-14.09.56:175][  0]LogConfig: Setting CVar [[r.RHICmdBypass:0]]
[2022.04.23-14.09.56:176][  0]LogConfig: Applying CVar settings from Section [/Script/Engine.RendererSettings] File [E:/Merci-Bkp/000-SchizophrenyaProject/Schizophrenya_VR/SchizophrenyaVR/Saved/Config/Windows/Engine.ini]
[2022.04.23-14.09.56:176][  0]LogConfig: Setting CVar [[r.GPUCrashDebugging:0]]
[2022.04.23-14.09.56:176][  0]LogConfig: Setting CVar [[r.Mobile.DisableVertexFog:1]]
[2022.04.23-14.09.56:176][  0]LogConfig: Setting CVar [[r.Shadow.CSM.MaxMobileCascades:2]]
[2022.04.23-14.09.56:176][  0]LogConfig: Setting CVar [[r.MobileMSAA:4]]
[2022.04.23-14.09.56:176][  0]LogConfig: Setting CVar [[r.Mobile.AllowDitheredLODTransition:0]]
[2022.04.23-14.09.56:176][  0]LogConfig: Setting CVar [[r.Mobile.AllowSoftwareOcclusion:0]]
[2022.04.23-14.09.56:176][  0]LogConfig: Setting CVar [[r.Mobile.VirtualTextures:0]]
[2022.04.23-14.09.56:176][  0]LogConfig: Setting CVar [[r.DiscardUnusedQuality:0]]
[2022.04.23-14.09.56:176][  0]LogConfig: Setting CVar [[r.AllowOcclusionQueries:1]]
[2022.04.23-14.09.56:176][  0]LogConfig: Setting CVar [[r.MinScreenRadiusForLights:0.030000]]
[2022.04.23-14.09.56:176][  0]LogConfig: Setting CVar [[r.MinScreenRadiusForDepthPrepass:0.030000]]
[2022.04.23-14.09.56:176][  0]LogConfig: Setting CVar [[r.MinScreenRadiusForCSMDepth:0.010000]]
[2022.04.23-14.09.56:176][  0]LogConfig: Setting CVar [[r.PrecomputedVisibilityWarning:0]]
[2022.04.23-14.09.56:176][  0]LogConfig: Setting CVar [[r.TextureStreaming:1]]
[2022.04.23-14.09.56:176][  0]LogConfig: Setting CVar [[Compat.UseDXT5NormalMaps:0]]
[2022.04.23-14.09.56:176][  0]LogConfig: Setting CVar [[r.VirtualTextures:0]]
[2022.04.23-14.09.56:176][  0]LogConfig: Setting CVar [[r.VirtualTexturedLightmaps:0]]
[2022.04.23-14.09.56:176][  0]LogConfig: Setting CVar [[r.VT.TileSize:128]]
[2022.04.23-14.09.56:176][  0]LogConfig: Setting CVar [[r.VT.TileBorderSize:4]]
[2022.04.23-14.09.56:176][  0]LogConfig: Setting CVar [[r.vt.FeedbackFactor:16]]
[2022.04.23-14.09.56:176][  0]LogConfig: Setting CVar [[r.VT.EnableCompressZlib:1]]
[2022.04.23-14.09.56:176][  0]LogConfig: Setting CVar [[r.VT.EnableCompressCrunch:0]]
[2022.04.23-14.09.56:176][  0]LogConfig: Setting CVar [[r.ClearCoatNormal:0]]
[2022.04.23-14.09.56:176][  0]LogConfig: Setting CVar [[r.ReflectionCaptureResolution:128]]
[2022.04.23-14.09.56:176][  0]LogConfig: Setting CVar [[r.Mobile.ReflectionCaptureCompression:0]]
[2022.04.23-14.09.56:176][  0]LogConfig: Setting CVar [[r.ReflectionEnvironmentLightmapMixBasedOnRoughness:1]]
[2022.04.23-14.09.56:176][  0]LogConfig: Setting CVar [[r.ForwardShading:1]]
[2022.04.23-14.09.56:176][  0]LogConfig: Setting CVar [[r.VertexFoggingForOpaque:1]]
[2022.04.23-14.09.56:176][  0]LogConfig: Setting CVar [[r.AllowStaticLighting:1]]
[2022.04.23-14.09.56:176][  0]LogConfig: Setting CVar [[r.NormalMapsForStaticLighting:0]]
[2022.04.23-14.09.56:176][  0]LogConfig: Setting CVar [[r.GenerateMeshDistanceFields:0]]
[2022.04.23-14.09.56:176][  0]LogConfig: Setting CVar [[r.DistanceFieldBuild.EightBit:0]]
[2022.04.23-14.09.56:176][  0]LogConfig: Setting CVar [[r.GenerateLandscapeGIData:0]]
[2022.04.23-14.09.56:176][  0]LogConfig: Setting CVar [[r.DistanceFieldBuild.Compress:0]]
[2022.04.23-14.09.56:176][  0]LogConfig: Setting CVar [[r.TessellationAdaptivePixelsPerTriangle:48.000000]]
[2022.04.23-14.09.56:176][  0]LogConfig: Setting CVar [[r.SeparateTranslucency:0]]
[2022.04.23-14.09.56:176][  0]LogConfig: Setting CVar [[r.TranslucentSortPolicy:0]]
[2022.04.23-14.09.56:176][  0]LogConfig: Setting CVar [[r.CustomDepth:1]]
[2022.04.23-14.09.56:176][  0]LogConfig: Setting CVar [[r.CustomDepthTemporalAAJitter:1]]
[2022.04.23-14.09.56:176][  0]LogConfig: Setting CVar [[r.PostProcessing.PropagateAlpha:0]]
[2022.04.23-14.09.56:176][  0]LogConfig: Setting CVar [[r.DefaultFeature.Bloom:0]]
[2022.04.23-14.09.56:176][  0]LogConfig: Setting CVar [[r.DefaultFeature.AmbientOcclusion:0]]
[2022.04.23-14.09.56:176][  0]LogConfig: Setting CVar [[r.DefaultFeature.AmbientOcclusionStaticFraction:1]]
[2022.04.23-14.09.56:176][  0]LogConfig: Setting CVar [[r.DefaultFeature.AutoExposure:0]]
[2022.04.23-14.09.56:176][  0]LogConfig: Setting CVar [[r.DefaultFeature.AutoExposure.Method:0]]
[2022.04.23-14.09.56:176][  0]LogConfig: Setting CVar [[r.DefaultFeature.AutoExposure.Bias:1.000000]]
[2022.04.23-14.09.56:176][  0]LogConfig: Setting CVar [[r.DefaultFeature.AutoExposure.ExtendDefaultLuminanceRange:1]]
[2022.04.23-14.09.56:176][  0]LogConfig: Setting CVar [[r.UsePreExposure:1]]
[2022.04.23-14.09.56:176][  0]LogConfig: Setting CVar [[r.EyeAdaptation.EditorOnly:0]]
[2022.04.23-14.09.56:176][  0]LogConfig: Setting CVar [[r.DefaultFeature.MotionBlur:0]]
[2022.04.23-14.09.56:176][  0]LogConfig: Setting CVar [[r.DefaultFeature.LensFlare:0]]
[2022.04.23-14.09.56:176][  0]LogConfig: Setting CVar [[r.TemporalAA.Upsampling:0]]
[2022.04.23-14.09.56:176][  0]LogConfig: Setting CVar [[r.SSGI.Enable:0]]
[2022.04.23-14.09.56:176][  0]LogConfig: Setting CVar [[r.DefaultFeature.AntiAliasing:3]]
[2022.04.23-14.09.56:176][  0]LogConfig: Setting CVar [[r.DefaultFeature.LightUnits:1]]
[2022.04.23-14.09.56:176][  0]LogConfig: Setting CVar [[r.DefaultBackBufferPixelFormat:4]]
[2022.04.23-14.09.56:176][  0]LogConfig: Setting CVar [[r.Shadow.UnbuiltPreviewInGame:1]]
[2022.04.23-14.09.56:176][  0]LogConfig: Setting CVar [[r.StencilForLODDither:0]]
[2022.04.23-14.09.56:176][  0]LogConfig: Setting CVar [[r.EarlyZPass:3]]
[2022.04.23-14.09.56:177][  0]LogConfig: Setting CVar [[r.EarlyZPassOnlyMaterialMasking:0]]
[2022.04.23-14.09.56:177][  0]LogConfig: Setting CVar [[r.DBuffer:1]]
[2022.04.23-14.09.56:177][  0]LogConfig: Setting CVar [[r.ClearSceneMethod:1]]
[2022.04.23-14.09.56:177][  0]LogConfig: Setting CVar [[r.BasePassOutputsVelocity:0]]
[2022.04.23-14.09.56:177][  0]LogConfig: Setting CVar [[r.VertexDeformationOutputsVelocity:0]]
[2022.04.23-14.09.56:177][  0]LogConfig: Setting CVar [[r.SelectiveBasePassOutputs:0]]
[2022.04.23-14.09.56:177][  0]LogConfig: Setting CVar [[fx.GPUSimulationTextureSizeX:1024]]
[2022.04.23-14.09.56:177][  0]LogConfig: Setting CVar [[fx.GPUSimulationTextureSizeY:1024]]
[2022.04.23-14.09.56:177][  0]LogConfig: Setting CVar [[r.AllowGlobalClipPlane:0]]
[2022.04.23-14.09.56:177][  0]LogConfig: Setting CVar [[r.GBufferFormat:1]]
[2022.04.23-14.09.56:177][  0]LogConfig: Setting CVar [[r.MorphTarget.Mode:1]]
[2022.04.23-14.09.56:177][  0]LogConfig: Setting CVar [[vr.InstancedStereo:1]]
[2022.04.23-14.09.56:177][  0]LogConfig: Setting CVar [[r.MobileHDR:0]]
[2022.04.23-14.09.56:177][  0]LogConfig: Setting CVar [[vr.MobileMultiView:1]]
[2022.04.23-14.09.56:177][  0]LogConfig: Setting CVar [[r.Mobile.UseHWsRGBEncoding:1]]
[2022.04.23-14.09.56:177][  0]LogConfig: Setting CVar [[vr.RoundRobinOcclusion:0]]
[2022.04.23-14.09.56:177][  0]LogConfig: Setting CVar [[vr.ODSCapture:0]]
[2022.04.23-14.09.56:177][  0]LogConfig: Setting CVar [[r.MeshStreaming:0]]
[2022.04.23-14.09.56:177][  0]LogConfig: Setting CVar [[r.WireframeCullThreshold:5.000000]]
[2022.04.23-14.09.56:177][  0]LogConfig: Setting CVar [[r.RayTracing:0]]
[2022.04.23-14.09.56:177][  0]LogConfig: Setting CVar [[r.RayTracing.UseTextureLod:0]]
[2022.04.23-14.09.56:177][  0]LogConfig: Setting CVar [[r.SupportStationarySkylight:1]]
[2022.04.23-14.09.56:177][  0]LogConfig: Setting CVar [[r.SupportLowQualityLightmaps:1]]
[2022.04.23-14.09.56:177][  0]LogConfig: Setting CVar [[r.SupportPointLightWholeSceneShadows:1]]
[2022.04.23-14.09.56:177][  0]LogConfig: Setting CVar [[r.SupportAtmosphericFog:1]]
[2022.04.23-14.09.56:177][  0]LogConfig: Setting CVar [[r.SupportSkyAtmosphere:1]]
[2022.04.23-14.09.56:177][  0]LogConfig: Setting CVar [[r.SupportSkyAtmosphereAffectsHeightFog:0]]
[2022.04.23-14.09.56:177][  0]LogConfig: Setting CVar [[r.SkinCache.CompileShaders:0]]
[2022.04.23-14.09.56:177][  0]LogConfig: Setting CVar [[r.SkinCache.DefaultBehavior:1]]
[2022.04.23-14.09.56:177][  0]LogConfig: Setting CVar [[r.SkinCache.SceneMemoryLimitInMB:128.000000]]
[2022.04.23-14.09.56:177][  0]LogConfig: Setting CVar [[r.Mobile.EnableStaticAndCSMShadowReceivers:1]]
[2022.04.23-14.09.56:177][  0]LogConfig: Setting CVar [[r.Mobile.EnableMovableLightCSMShaderCulling:1]]
[2022.04.23-14.09.56:177][  0]LogConfig: Setting CVar [[r.Mobile.AllowDistanceFieldShadows:1]]
[2022.04.23-14.09.56:177][  0]LogConfig: Setting CVar [[r.Mobile.AllowMovableDirectionalLights:1]]
[2022.04.23-14.09.56:177][  0]LogConfig: Setting CVar [[r.MobileNumDynamicPointLights:4]]
[2022.04.23-14.09.56:177][  0]LogConfig: Setting CVar [[r.MobileDynamicPointLightsUseStaticBranch:1]]
[2022.04.23-14.09.56:177][  0]LogConfig: Setting CVar [[r.Mobile.EnableMovableSpotlights:0]]
[2022.04.23-14.09.56:177][  0]LogConfig: Setting CVar [[r.Mobile.EnableMovableSpotlightsShadow:0]]
[2022.04.23-14.09.56:177][  0]LogConfig: Setting CVar [[r.GPUSkin.Support16BitBoneIndex:0]]
[2022.04.23-14.09.56:177][  0]LogConfig: Setting CVar [[r.GPUSkin.Limit2BoneInfluences:0]]
[2022.04.23-14.09.56:177][  0]LogConfig: Setting CVar [[r.SupportDepthOnlyIndexBuffers:1]]
[2022.04.23-14.09.56:177][  0]LogConfig: Setting CVar [[r.SupportReversedIndexBuffers:1]]
[2022.04.23-14.09.56:177][  0]LogConfig: Setting CVar [[r.LightPropagationVolume:0]]
[2022.04.23-14.09.56:177][  0]LogConfig: Setting CVar [[r.Mobile.AmbientOcclusion:0]]
[2022.04.23-14.09.56:177][  0]LogConfig: Setting CVar [[r.GPUSkin.UnlimitedBoneInfluences:0]]
[2022.04.23-14.09.56:177][  0]LogConfig: Setting CVar [[r.GPUSkin.UnlimitedBoneInfluencesThreshold:8]]
[2022.04.23-14.09.56:177][  0]LogConfig: Setting CVar [[r.Mobile.PlanarReflectionMode:0]]
[2022.04.23-14.09.56:177][  0]LogConfig: Setting CVar [[r.Mobile.SupportGPUScene:1]]
[2022.04.23-14.09.56:177][  0]LogConfig: Applying CVar settings from Section [/Script/Engine.RendererOverrideSettings] File [E:/Merci-Bkp/000-SchizophrenyaProject/Schizophrenya_VR/SchizophrenyaVR/Saved/Config/Windows/Engine.ini]
[2022.04.23-14.09.56:177][  0]LogConfig: Applying CVar settings from Section [/Script/Engine.StreamingSettings] File [E:/Merci-Bkp/000-SchizophrenyaProject/Schizophrenya_VR/SchizophrenyaVR/Saved/Config/Windows/Engine.ini]
[2022.04.23-14.09.56:177][  0]LogConfig: Setting CVar [[s.MinBulkDataSizeForAsyncLoading:131072]]
[2022.04.23-14.09.56:177][  0]LogConfig: Setting CVar [[s.AsyncLoadingThreadEnabled:0]]
[2022.04.23-14.09.56:177][  0]LogConfig: Setting CVar [[s.EventDrivenLoaderEnabled:1]]
[2022.04.23-14.09.56:177][  0]LogConfig: Setting CVar [[s.WarnIfTimeLimitExceeded:0]]
[2022.04.23-14.09.56:177][  0]LogConfig: Setting CVar [[s.TimeLimitExceededMultiplier:1.5]]
[2022.04.23-14.09.56:177][  0]LogConfig: Setting CVar [[s.TimeLimitExceededMinTime:0.005]]
[2022.04.23-14.09.56:177][  0]LogConfig: Setting CVar [[s.UseBackgroundLevelStreaming:1]]
[2022.04.23-14.09.56:177][  0]LogConfig: Setting CVar [[s.PriorityAsyncLoadingExtraTime:15.0]]
[2022.04.23-14.09.56:177][  0]LogConfig: Setting CVar [[s.LevelStreamingActorsUpdateTimeLimit:5.0]]
[2022.04.23-14.09.56:177][  0]LogConfig: Setting CVar [[s.PriorityLevelStreamingActorsUpdateExtraTime:5.0]]
[2022.04.23-14.09.56:177][  0]LogConfig: Setting CVar [[s.LevelStreamingComponentsRegistrationGranularity:10]]
[2022.04.23-14.09.56:177][  0]LogConfig: Setting CVar [[s.UnregisterComponentsTimeLimit:1.0]]
[2022.04.23-14.09.56:177][  0]LogConfig: Setting CVar [[s.LevelStreamingComponentsUnregistrationGranularity:5]]
[2022.04.23-14.09.56:177][  0]LogConfig: Setting CVar [[s.FlushStreamingOnExit:1]]
[2022.04.23-14.09.56:177][  0]LogConfig: Applying CVar settings from Section [/Script/Engine.GarbageCollectionSettings] File [E:/Merci-Bkp/000-SchizophrenyaProject/Schizophrenya_VR/SchizophrenyaVR/Saved/Config/Windows/Engine.ini]
[2022.04.23-14.09.56:177][  0]LogConfig: Setting CVar [[gc.MaxObjectsNotConsideredByGC:1]]
[2022.04.23-14.09.56:177][  0]LogConfig: Setting CVar [[gc.SizeOfPermanentObjectPool:0]]
[2022.04.23-14.09.56:177][  0]LogConfig: Setting CVar [[gc.FlushStreamingOnGC:0]]
[2022.04.23-14.09.56:179][  0]LogConfig: Setting CVar [[gc.NumRetriesBeforeForcingGC:10]]
[2022.04.23-14.09.56:179][  0]LogConfig: Setting CVar [[gc.AllowParallelGC:1]]
[2022.04.23-14.09.56:179][  0]LogConfig: Setting CVar [[gc.TimeBetweenPurgingPendingKillObjects:61.1]]
[2022.04.23-14.09.56:179][  0]LogConfig: Setting CVar [[gc.MaxObjectsInEditor:25165824]]
[2022.04.23-14.09.56:179][  0]LogConfig: Setting CVar [[gc.IncrementalBeginDestroyEnabled:1]]
[2022.04.23-14.09.56:179][  0]LogConfig: Setting CVar [[gc.CreateGCClusters:1]]
[2022.04.23-14.09.56:179][  0]LogConfig: Setting CVar [[gc.MinGCClusterSize:5]]
[2022.04.23-14.09.56:179][  0]LogConfig: Setting CVar [[gc.ActorClusteringEnabled:0]]
[2022.04.23-14.09.56:179][  0]LogConfig: Setting CVar [[gc.BlueprintClusteringEnabled:0]]
[2022.04.23-14.09.56:179][  0]LogConfig: Setting CVar [[gc.UseDisregardForGCOnDedicatedServers:0]]
[2022.04.23-14.09.56:179][  0]LogConfig: Setting CVar [[gc.MultithreadedDestructionEnabled:1]]
[2022.04.23-14.09.56:179][  0]LogConfig: Applying CVar settings from Section [/Script/Engine.NetworkSettings] File [E:/Merci-Bkp/000-SchizophrenyaProject/Schizophrenya_VR/SchizophrenyaVR/Saved/Config/Windows/Engine.ini]
[2022.04.23-14.09.56:179][  0]LogConfig: Applying CVar settings from Section [/Script/UnrealEd.CookerSettings] File [E:/Merci-Bkp/000-SchizophrenyaProject/Schizophrenya_VR/SchizophrenyaVR/Saved/Config/Windows/Engine.ini]
[2022.04.23-14.09.56:192][  0]LogConfig: Applying CVar settings from Section [ViewDistanceQuality@3] File [E:/Merci-Bkp/000-SchizophrenyaProject/Schizophrenya_VR/SchizophrenyaVR/Saved/Config/Windows/Scalability.ini]
[2022.04.23-14.09.56:192][  0]LogConfig: Setting CVar [[r.SkeletalMeshLODBias:0]]
[2022.04.23-14.09.56:192][  0]LogConfig: Setting CVar [[r.ViewDistanceScale:1.0]]
[2022.04.23-14.09.56:192][  0]LogConfig: Applying CVar settings from Section [AntiAliasingQuality@3] File [E:/Merci-Bkp/000-SchizophrenyaProject/Schizophrenya_VR/SchizophrenyaVR/Saved/Config/Windows/Scalability.ini]
[2022.04.23-14.09.56:192][  0]LogConfig: Setting CVar [[r.PostProcessAAQuality:4]]
[2022.04.23-14.09.56:192][  0]LogConfig: Applying CVar settings from Section [ShadowQuality@3] File [E:/Merci-Bkp/000-SchizophrenyaProject/Schizophrenya_VR/SchizophrenyaVR/Saved/Config/Windows/Scalability.ini]
[2022.04.23-14.09.56:192][  0]LogConfig: Setting CVar [[r.LightFunctionQuality:1]]
[2022.04.23-14.09.56:192][  0]LogConfig: Setting CVar [[r.ShadowQuality:5]]
[2022.04.23-14.09.56:192][  0]LogConfig: Setting CVar [[r.Shadow.CSM.MaxCascades:10]]
[2022.04.23-14.09.56:192][  0]LogConfig: Setting CVar [[r.Shadow.MaxResolution:2048]]
[2022.04.23-14.09.56:192][  0]LogConfig: Setting CVar [[r.Shadow.MaxCSMResolution:2048]]
[2022.04.23-14.09.56:192][  0]LogConfig: Setting CVar [[r.Shadow.RadiusThreshold:0.01]]
[2022.04.23-14.09.56:192][  0]LogConfig: Setting CVar [[r.Shadow.DistanceScale:1.0]]
[2022.04.23-14.09.56:192][  0]LogConfig: Setting CVar [[r.Shadow.CSM.TransitionScale:1.0]]
[2022.04.23-14.09.56:192][  0]LogConfig: Setting CVar [[r.Shadow.PreShadowResolutionFactor:1.0]]
[2022.04.23-14.09.56:192][  0]LogConfig: Setting CVar [[r.DistanceFieldShadowing:1]]
[2022.04.23-14.09.56:192][  0]LogConfig: Setting CVar [[r.DistanceFieldAO:1]]
[2022.04.23-14.09.56:193][  0]LogConfig: Setting CVar [[r.AOQuality:2]]
[2022.04.23-14.09.56:193][  0]LogConfig: Setting CVar [[r.VolumetricFog:1]]
[2022.04.23-14.09.56:193][  0]LogConfig: Setting CVar [[r.VolumetricFog.GridPixelSize:8]]
[2022.04.23-14.09.56:193][  0]LogConfig: Setting CVar [[r.VolumetricFog.GridSizeZ:128]]
[2022.04.23-14.09.56:193][  0]LogConfig: Setting CVar [[r.VolumetricFog.HistoryMissSupersampleCount:4]]
[2022.04.23-14.09.56:193][  0]LogConfig: Setting CVar [[r.LightMaxDrawDistanceScale:1]]
[2022.04.23-14.09.56:193][  0]LogConfig: Setting CVar [[r.CapsuleShadows:1]]
[2022.04.23-14.09.56:193][  0]LogConfig: Applying CVar settings from Section [PostProcessQuality@3] File [E:/Merci-Bkp/000-SchizophrenyaProject/Schizophrenya_VR/SchizophrenyaVR/Saved/Config/Windows/Scalability.ini]
[2022.04.23-14.09.56:193][  0]LogConfig: Setting CVar [[r.MotionBlurQuality:4]]
[2022.04.23-14.09.56:193][  0]LogConfig: Setting CVar [[r.AmbientOcclusionMipLevelFactor:0.4]]
[2022.04.23-14.09.56:193][  0]LogConfig: Setting CVar [[r.AmbientOcclusionMaxQuality:100]]
[2022.04.23-14.09.56:193][  0]LogConfig: Setting CVar [[r.AmbientOcclusionLevels:-1]]
[2022.04.23-14.09.56:193][  0]LogConfig: Setting CVar [[r.AmbientOcclusionRadiusScale:1.0]]
[2022.04.23-14.09.56:193][  0]LogConfig: Setting CVar [[r.DepthOfFieldQuality:2]]
[2022.04.23-14.09.56:193][  0]LogConfig: Setting CVar [[r.RenderTargetPoolMin:400]]
[2022.04.23-14.09.56:193][  0]LogConfig: Setting CVar [[r.LensFlareQuality:2]]
[2022.04.23-14.09.56:193][  0]LogConfig: Setting CVar [[r.SceneColorFringeQuality:1]]
[2022.04.23-14.09.56:193][  0]LogConfig: Setting CVar [[r.EyeAdaptationQuality:2]]
[2022.04.23-14.09.56:193][  0]LogConfig: Setting CVar [[r.BloomQuality:5]]
[2022.04.23-14.09.56:193][  0]LogConfig: Setting CVar [[r.FastBlurThreshold:100]]
[2022.04.23-14.09.56:193][  0]LogConfig: Setting CVar [[r.Upscale.Quality:3]]
[2022.04.23-14.09.56:193][  0]LogConfig: Setting CVar [[r.Tonemapper.GrainQuantization:1]]
[2022.04.23-14.09.56:193][  0]LogConfig: Setting CVar [[r.LightShaftQuality:1]]
[2022.04.23-14.09.56:193][  0]LogConfig: Setting CVar [[r.Filter.SizeScale:1]]
[2022.04.23-14.09.56:193][  0]LogConfig: Setting CVar [[r.Tonemapper.Quality:5]]
[2022.04.23-14.09.56:193][  0]LogConfig: Setting CVar [[r.DOF.Gather.AccumulatorQuality:1        ; higher gathering accumulator quality]]
[2022.04.23-14.09.56:193][  0]LogConfig: Setting CVar [[r.DOF.Gather.PostfilterMethod:1          ; Median3x3 postfilering method]]
[2022.04.23-14.09.56:193][  0]LogConfig: Setting CVar [[r.DOF.Gather.EnableBokehSettings:0       ; no bokeh simulation when gathering]]
[2022.04.23-14.09.56:193][  0]LogConfig: Setting CVar [[r.DOF.Gather.RingCount:4                 ; medium number of samples when gathering]]
[2022.04.23-14.09.56:193][  0]LogConfig: Setting CVar [[r.DOF.Scatter.ForegroundCompositing:1    ; additive foreground scattering]]
[2022.04.23-14.09.56:193][  0]LogConfig: Setting CVar [[r.DOF.Scatter.BackgroundCompositing:2    ; additive background scattering]]
[2022.04.23-14.09.56:193][  0]LogConfig: Setting CVar [[r.DOF.Scatter.EnableBokehSettings:1      ; bokeh simulation when scattering]]
[2022.04.23-14.09.56:193][  0]LogConfig: Setting CVar [[r.DOF.Scatter.MaxSpriteRatio:0.1         ; only a maximum of 10% of scattered bokeh]]
[2022.04.23-14.09.56:193][  0]LogConfig: Setting CVar [[r.DOF.Recombine.Quality:1                ; cheap slight out of focus]]
[2022.04.23-14.09.56:193][  0]LogConfig: Setting CVar [[r.DOF.Recombine.EnableBokehSettings:0    ; no bokeh simulation on slight out of focus]]
[2022.04.23-14.09.56:193][  0]LogConfig: Setting CVar [[r.DOF.TemporalAAQuality:1                ; more stable temporal accumulation]]
[2022.04.23-14.09.56:193][  0]LogConfig: Setting CVar [[r.DOF.Kernel.MaxForegroundRadius:0.025]]
[2022.04.23-14.09.56:193][  0]LogConfig: Setting CVar [[r.DOF.Kernel.MaxBackgroundRadius:0.025]]
[2022.04.23-14.09.56:193][  0]LogConfig: Applying CVar settings from Section [TextureQuality@3] File [E:/Merci-Bkp/000-SchizophrenyaProject/Schizophrenya_VR/SchizophrenyaVR/Saved/Config/Windows/Scalability.ini]
[2022.04.23-14.09.56:193][  0]LogConfig: Setting CVar [[r.Streaming.MipBias:0]]
[2022.04.23-14.09.56:193][  0]LogConfig: Setting CVar [[r.Streaming.AmortizeCPUToGPUCopy:0]]
[2022.04.23-14.09.56:193][  0]LogConfig: Setting CVar [[r.Streaming.MaxNumTexturesToStreamPerFrame:0]]
[2022.04.23-14.09.56:193][  0]LogConfig: Setting CVar [[r.Streaming.Boost:1]]
[2022.04.23-14.09.56:193][  0]LogConfig: Setting CVar [[r.MaxAnisotropy:8]]
[2022.04.23-14.09.56:193][  0]LogConfig: Setting CVar [[r.VT.MaxAnisotropy:8]]
[2022.04.23-14.09.56:193][  0]LogConfig: Setting CVar [[r.Streaming.LimitPoolSizeToVRAM:0]]
[2022.04.23-14.09.56:193][  0]LogConfig: Setting CVar [[r.Streaming.PoolSize:1000]]
[2022.04.23-14.09.56:193][  0]LogConfig: Setting CVar [[r.Streaming.MaxEffectiveScreenSize:0]]
[2022.04.23-14.09.56:193][  0]LogConfig: Applying CVar settings from Section [EffectsQuality@3] File [E:/Merci-Bkp/000-SchizophrenyaProject/Schizophrenya_VR/SchizophrenyaVR/Saved/Config/Windows/Scalability.ini]
[2022.04.23-14.09.56:193][  0]LogConfig: Setting CVar [[r.TranslucencyLightingVolumeDim:64]]
[2022.04.23-14.09.56:193][  0]LogConfig: Setting CVar [[r.RefractionQuality:2]]
[2022.04.23-14.09.56:193][  0]LogConfig: Setting CVar [[r.SSR.Quality:3]]
[2022.04.23-14.09.56:193][  0]LogConfig: Setting CVar [[r.SSR.HalfResSceneColor:0]]
[2022.04.23-14.09.56:193][  0]LogConfig: Setting CVar [[r.SceneColorFormat:4]]
[2022.04.23-14.09.56:193][  0]LogConfig: Setting CVar [[r.DetailMode:2]]
[2022.04.23-14.09.56:193][  0]LogConfig: Setting CVar [[r.TranslucencyVolumeBlur:1]]
[2022.04.23-14.09.56:193][  0]LogConfig: Setting CVar [[r.MaterialQualityLevel:1 ; High quality]]
[2022.04.23-14.09.56:193][  0]LogConfig: Setting CVar [[r.AnisotropicMaterials:1]]
[2022.04.23-14.09.56:193][  0]LogConfig: Setting CVar [[r.SSS.Scale:1]]
[2022.04.23-14.09.56:193][  0]LogConfig: Setting CVar [[r.SSS.SampleSet:2]]
[2022.04.23-14.09.56:193][  0]LogConfig: Setting CVar [[r.SSS.Quality:1]]
[2022.04.23-14.09.56:193][  0]LogConfig: Setting CVar [[r.SSS.HalfRes:0]]
[2022.04.23-14.09.56:193][  0]LogConfig: Setting CVar [[r.SSGI.Quality:3]]
[2022.04.23-14.09.56:193][  0]LogConfig: Setting CVar [[r.EmitterSpawnRateScale:1.0]]
[2022.04.23-14.09.56:193][  0]LogConfig: Setting CVar [[r.ParticleLightQuality:2]]
[2022.04.23-14.09.56:193][  0]LogConfig: Setting CVar [[r.SkyAtmosphere.AerialPerspectiveLUT.FastApplyOnOpaque:1 ; Always have FastSkyLUT 1 in this case to avoid wrong sky]]
[2022.04.23-14.09.56:193][  0]LogConfig: Setting CVar [[r.SkyAtmosphere.AerialPerspectiveLUT.SampleCountMaxPerSlice:4]]
[2022.04.23-14.09.56:193][  0]LogConfig: Setting CVar [[r.SkyAtmosphere.AerialPerspectiveLUT.DepthResolution:16.0]]
[2022.04.23-14.09.56:193][  0]LogConfig: Setting CVar [[r.SkyAtmosphere.FastSkyLUT:1]]
[2022.04.23-14.09.56:193][  0]LogConfig: Setting CVar [[r.SkyAtmosphere.FastSkyLUT.SampleCountMin:4.0]]
[2022.04.23-14.09.56:193][  0]LogConfig: Setting CVar [[r.SkyAtmosphere.FastSkyLUT.SampleCountMax:128.0]]
[2022.04.23-14.09.56:193][  0]LogConfig: Setting CVar [[r.SkyAtmosphere.SampleCountMin:4.0]]
[2022.04.23-14.09.56:193][  0]LogConfig: Setting CVar [[r.SkyAtmosphere.SampleCountMax:128.0]]
[2022.04.23-14.09.56:193][  0]LogConfig: Setting CVar [[r.SkyAtmosphere.TransmittanceLUT.UseSmallFormat:0]]
[2022.04.23-14.09.56:193][  0]LogConfig: Setting CVar [[r.SkyAtmosphere.TransmittanceLUT.SampleCount:10.0]]
[2022.04.23-14.09.56:193][  0]LogConfig: Setting CVar [[r.SkyAtmosphere.MultiScatteringLUT.SampleCount:15.0]]
[2022.04.23-14.09.56:193][  0]LogConfig: Setting CVar [[r.SkyLight.RealTimeReflectionCapture:1]]
[2022.04.23-14.09.56:193][  0]LogConfig: Applying CVar settings from Section [FoliageQuality@3] File [E:/Merci-Bkp/000-SchizophrenyaProject/Schizophrenya_VR/SchizophrenyaVR/Saved/Config/Windows/Scalability.ini]
[2022.04.23-14.09.56:193][  0]LogConfig: Setting CVar [[foliage.DensityScale:1.0]]
[2022.04.23-14.09.56:193][  0]LogConfig: Setting CVar [[grass.DensityScale:1.0]]
[2022.04.23-14.09.56:193][  0]LogConfig: Applying CVar settings from Section [ShadingQuality@3] File [E:/Merci-Bkp/000-SchizophrenyaProject/Schizophrenya_VR/SchizophrenyaVR/Saved/Config/Windows/Scalability.ini]
[2022.04.23-14.09.56:193][  0]LogConfig: Setting CVar [[r.HairStrands.SkyLighting.IntegrationType:2]]
[2022.04.23-14.09.56:193][  0]LogConfig: Setting CVar [[r.HairStrands.SkyAO.SampleCount:4]]
[2022.04.23-14.09.56:193][  0]LogConfig: Setting CVar [[r.HairStrands.Visibility.MSAA.SamplePerPixel:4]]
[2022.04.23-14.09.56:194][  0]LogInit: Selected Device Profile: [Windows]
[2022.04.23-14.09.56:194][  0]LogInit: Applying CVar settings loaded from the selected device profile: [Windows]
[2022.04.23-14.09.56:195][  0]LogHAL: Display: Platform has ~ 16 GB [17042817024 / 17179869184 / 16], which maps to Larger [LargestMinGB=32, LargerMinGB=12, DefaultMinGB=8, SmallerMinGB=6, SmallestMinGB=0)
[2022.04.23-14.09.56:195][  0]LogInit: Going up to parent DeviceProfile []
[2022.04.23-14.09.56:196][  0]LogConfig: Applying CVar settings from Section [ViewDistanceQuality@3] File [E:/Merci-Bkp/000-SchizophrenyaProject/Schizophrenya_VR/SchizophrenyaVR/Saved/Config/Windows/Scalability.ini]
[2022.04.23-14.09.56:196][  0]LogConfig: Setting CVar [[r.SkeletalMeshLODBias:0]]
[2022.04.23-14.09.56:196][  0]LogConfig: Setting CVar [[r.ViewDistanceScale:1.0]]
[2022.04.23-14.09.56:196][  0]LogConfig: Applying CVar settings from Section [AntiAliasingQuality@3] File [E:/Merci-Bkp/000-SchizophrenyaProject/Schizophrenya_VR/SchizophrenyaVR/Saved/Config/Windows/Scalability.ini]
[2022.04.23-14.09.56:196][  0]LogConfig: Setting CVar [[r.PostProcessAAQuality:4]]
[2022.04.23-14.09.56:196][  0]LogConfig: Applying CVar settings from Section [ShadowQuality@3] File [E:/Merci-Bkp/000-SchizophrenyaProject/Schizophrenya_VR/SchizophrenyaVR/Saved/Config/Windows/Scalability.ini]
[2022.04.23-14.09.56:196][  0]LogConfig: Setting CVar [[r.LightFunctionQuality:1]]
[2022.04.23-14.09.56:196][  0]LogConfig: Setting CVar [[r.ShadowQuality:5]]
[2022.04.23-14.09.56:196][  0]LogConfig: Setting CVar [[r.Shadow.CSM.MaxCascades:10]]
[2022.04.23-14.09.56:196][  0]LogConfig: Setting CVar [[r.Shadow.MaxResolution:2048]]
[2022.04.23-14.09.56:196][  0]LogConfig: Setting CVar [[r.Shadow.MaxCSMResolution:2048]]
[2022.04.23-14.09.56:196][  0]LogConfig: Setting CVar [[r.Shadow.RadiusThreshold:0.01]]
[2022.04.23-14.09.56:196][  0]LogConfig: Setting CVar [[r.Shadow.DistanceScale:1.0]]
[2022.04.23-14.09.56:196][  0]LogConfig: Setting CVar [[r.Shadow.CSM.TransitionScale:1.0]]
[2022.04.23-14.09.56:196][  0]LogConfig: Setting CVar [[r.Shadow.PreShadowResolutionFactor:1.0]]
[2022.04.23-14.09.56:196][  0]LogConfig: Setting CVar [[r.DistanceFieldShadowing:1]]
[2022.04.23-14.09.56:196][  0]LogConfig: Setting CVar [[r.DistanceFieldAO:1]]
[2022.04.23-14.09.56:196][  0]LogConfig: Setting CVar [[r.AOQuality:2]]
[2022.04.23-14.09.56:196][  0]LogConfig: Setting CVar [[r.VolumetricFog:1]]
[2022.04.23-14.09.56:196][  0]LogConfig: Setting CVar [[r.VolumetricFog.GridPixelSize:8]]
[2022.04.23-14.09.56:196][  0]LogConfig: Setting CVar [[r.VolumetricFog.GridSizeZ:128]]
[2022.04.23-14.09.56:196][  0]LogConfig: Setting CVar [[r.VolumetricFog.HistoryMissSupersampleCount:4]]
[2022.04.23-14.09.56:196][  0]LogConfig: Setting CVar [[r.LightMaxDrawDistanceScale:1]]
[2022.04.23-14.09.56:196][  0]LogConfig: Setting CVar [[r.CapsuleShadows:1]]
[2022.04.23-14.09.56:196][  0]LogConfig: Applying CVar settings from Section [PostProcessQuality@3] File [E:/Merci-Bkp/000-SchizophrenyaProject/Schizophrenya_VR/SchizophrenyaVR/Saved/Config/Windows/Scalability.ini]
[2022.04.23-14.09.56:196][  0]LogConfig: Setting CVar [[r.MotionBlurQuality:4]]
[2022.04.23-14.09.56:196][  0]LogConfig: Setting CVar [[r.AmbientOcclusionMipLevelFactor:0.4]]
[2022.04.23-14.09.56:196][  0]LogConfig: Setting CVar [[r.AmbientOcclusionMaxQuality:100]]
[2022.04.23-14.09.56:196][  0]LogConfig: Setting CVar [[r.AmbientOcclusionLevels:-1]]
[2022.04.23-14.09.56:196][  0]LogConfig: Setting CVar [[r.AmbientOcclusionRadiusScale:1.0]]
[2022.04.23-14.09.56:196][  0]LogConfig: Setting CVar [[r.DepthOfFieldQuality:2]]
[2022.04.23-14.09.56:196][  0]LogConfig: Setting CVar [[r.RenderTargetPoolMin:400]]
[2022.04.23-14.09.56:196][  0]LogConfig: Setting CVar [[r.LensFlareQuality:2]]
[2022.04.23-14.09.56:196][  0]LogConfig: Setting CVar [[r.SceneColorFringeQuality:1]]
[2022.04.23-14.09.56:196][  0]LogConfig: Setting CVar [[r.EyeAdaptationQuality:2]]
[2022.04.23-14.09.56:196][  0]LogConfig: Setting CVar [[r.BloomQuality:5]]
[2022.04.23-14.09.56:196][  0]LogConfig: Setting CVar [[r.FastBlurThreshold:100]]
[2022.04.23-14.09.56:196][  0]LogConfig: Setting CVar [[r.Upscale.Quality:3]]
[2022.04.23-14.09.56:196][  0]LogConfig: Setting CVar [[r.Tonemapper.GrainQuantization:1]]
[2022.04.23-14.09.56:196][  0]LogConfig: Setting CVar [[r.LightShaftQuality:1]]
[2022.04.23-14.09.56:196][  0]LogConfig: Setting CVar [[r.Filter.SizeScale:1]]
[2022.04.23-14.09.56:196][  0]LogConfig: Setting CVar [[r.Tonemapper.Quality:5]]
[2022.04.23-14.09.56:196][  0]LogConfig: Setting CVar [[r.DOF.Gather.AccumulatorQuality:1        ; higher gathering accumulator quality]]
[2022.04.23-14.09.56:196][  0]LogConfig: Setting CVar [[r.DOF.Gather.PostfilterMethod:1          ; Median3x3 postfilering method]]
[2022.04.23-14.09.56:196][  0]LogConfig: Setting CVar [[r.DOF.Gather.EnableBokehSettings:0       ; no bokeh simulation when gathering]]
[2022.04.23-14.09.56:196][  0]LogConfig: Setting CVar [[r.DOF.Gather.RingCount:4                 ; medium number of samples when gathering]]
[2022.04.23-14.09.56:196][  0]LogConfig: Setting CVar [[r.DOF.Scatter.ForegroundCompositing:1    ; additive foreground scattering]]
[2022.04.23-14.09.56:196][  0]LogConfig: Setting CVar [[r.DOF.Scatter.BackgroundCompositing:2    ; additive background scattering]]
[2022.04.23-14.09.56:196][  0]LogConfig: Setting CVar [[r.DOF.Scatter.EnableBokehSettings:1      ; bokeh simulation when scattering]]
[2022.04.23-14.09.56:196][  0]LogConfig: Setting CVar [[r.DOF.Scatter.MaxSpriteRatio:0.1         ; only a maximum of 10% of scattered bokeh]]
[2022.04.23-14.09.56:196][  0]LogConfig: Setting CVar [[r.DOF.Recombine.Quality:1                ; cheap slight out of focus]]
[2022.04.23-14.09.56:196][  0]LogConfig: Setting CVar [[r.DOF.Recombine.EnableBokehSettings:0    ; no bokeh simulation on slight out of focus]]
[2022.04.23-14.09.56:196][  0]LogConfig: Setting CVar [[r.DOF.TemporalAAQuality:1                ; more stable temporal accumulation]]
[2022.04.23-14.09.56:196][  0]LogConfig: Setting CVar [[r.DOF.Kernel.MaxForegroundRadius:0.025]]
[2022.04.23-14.09.56:196][  0]LogConfig: Setting CVar [[r.DOF.Kernel.MaxBackgroundRadius:0.025]]
[2022.04.23-14.09.56:196][  0]LogConfig: Applying CVar settings from Section [TextureQuality@3] File [E:/Merci-Bkp/000-SchizophrenyaProject/Schizophrenya_VR/SchizophrenyaVR/Saved/Config/Windows/Scalability.ini]
[2022.04.23-14.09.56:196][  0]LogConfig: Setting CVar [[r.Streaming.MipBias:0]]
[2022.04.23-14.09.56:196][  0]LogConfig: Setting CVar [[r.Streaming.AmortizeCPUToGPUCopy:0]]
[2022.04.23-14.09.56:196][  0]LogConfig: Setting CVar [[r.Streaming.MaxNumTexturesToStreamPerFrame:0]]
[2022.04.23-14.09.56:196][  0]LogConfig: Setting CVar [[r.Streaming.Boost:1]]
[2022.04.23-14.09.56:196][  0]LogConfig: Setting CVar [[r.MaxAnisotropy:8]]
[2022.04.23-14.09.56:196][  0]LogConfig: Setting CVar [[r.VT.MaxAnisotropy:8]]
[2022.04.23-14.09.56:196][  0]LogConfig: Setting CVar [[r.Streaming.LimitPoolSizeToVRAM:0]]
[2022.04.23-14.09.56:196][  0]LogConfig: Setting CVar [[r.Streaming.PoolSize:1000]]
[2022.04.23-14.09.56:196][  0]LogConfig: Setting CVar [[r.Streaming.MaxEffectiveScreenSize:0]]
[2022.04.23-14.09.56:196][  0]LogConfig: Applying CVar settings from Section [EffectsQuality@3] File [E:/Merci-Bkp/000-SchizophrenyaProject/Schizophrenya_VR/SchizophrenyaVR/Saved/Config/Windows/Scalability.ini]
[2022.04.23-14.09.56:196][  0]LogConfig: Setting CVar [[r.TranslucencyLightingVolumeDim:64]]
[2022.04.23-14.09.56:196][  0]LogConfig: Setting CVar [[r.RefractionQuality:2]]
[2022.04.23-14.09.56:196][  0]LogConfig: Setting CVar [[r.SSR.Quality:3]]
[2022.04.23-14.09.56:196][  0]LogConfig: Setting CVar [[r.SSR.HalfResSceneColor:0]]
[2022.04.23-14.09.56:196][  0]LogConfig: Setting CVar [[r.SceneColorFormat:4]]
[2022.04.23-14.09.56:196][  0]LogConfig: Setting CVar [[r.DetailMode:2]]
[2022.04.23-14.09.56:196][  0]LogConfig: Setting CVar [[r.TranslucencyVolumeBlur:1]]
[2022.04.23-14.09.56:196][  0]LogConfig: Setting CVar [[r.MaterialQualityLevel:1 ; High quality]]
[2022.04.23-14.09.56:196][  0]LogConfig: Setting CVar [[r.AnisotropicMaterials:1]]
[2022.04.23-14.09.56:196][  0]LogConfig: Setting CVar [[r.SSS.Scale:1]]
[2022.04.23-14.09.56:196][  0]LogConfig: Setting CVar [[r.SSS.SampleSet:2]]
[2022.04.23-14.09.56:196][  0]LogConfig: Setting CVar [[r.SSS.Quality:1]]
[2022.04.23-14.09.56:196][  0]LogConfig: Setting CVar [[r.SSS.HalfRes:0]]
[2022.04.23-14.09.56:196][  0]LogConfig: Setting CVar [[r.SSGI.Quality:3]]
[2022.04.23-14.09.56:196][  0]LogConfig: Setting CVar [[r.EmitterSpawnRateScale:1.0]]
[2022.04.23-14.09.56:196][  0]LogConfig: Setting CVar [[r.ParticleLightQuality:2]]
[2022.04.23-14.09.56:196][  0]LogConfig: Setting CVar [[r.SkyAtmosphere.AerialPerspectiveLUT.FastApplyOnOpaque:1 ; Always have FastSkyLUT 1 in this case to avoid wrong sky]]
[2022.04.23-14.09.56:196][  0]LogConfig: Setting CVar [[r.SkyAtmosphere.AerialPerspectiveLUT.SampleCountMaxPerSlice:4]]
[2022.04.23-14.09.56:196][  0]LogConfig: Setting CVar [[r.SkyAtmosphere.AerialPerspectiveLUT.DepthResolution:16.0]]
[2022.04.23-14.09.56:196][  0]LogConfig: Setting CVar [[r.SkyAtmosphere.FastSkyLUT:1]]
[2022.04.23-14.09.56:196][  0]LogConfig: Setting CVar [[r.SkyAtmosphere.FastSkyLUT.SampleCountMin:4.0]]
[2022.04.23-14.09.56:196][  0]LogConfig: Setting CVar [[r.SkyAtmosphere.FastSkyLUT.SampleCountMax:128.0]]
[2022.04.23-14.09.56:196][  0]LogConfig: Setting CVar [[r.SkyAtmosphere.SampleCountMin:4.0]]
[2022.04.23-14.09.56:196][  0]LogConfig: Setting CVar [[r.SkyAtmosphere.SampleCountMax:128.0]]
[2022.04.23-14.09.56:196][  0]LogConfig: Setting CVar [[r.SkyAtmosphere.TransmittanceLUT.UseSmallFormat:0]]
[2022.04.23-14.09.56:196][  0]LogConfig: Setting CVar [[r.SkyAtmosphere.TransmittanceLUT.SampleCount:10.0]]
[2022.04.23-14.09.56:196][  0]LogConfig: Setting CVar [[r.SkyAtmosphere.MultiScatteringLUT.SampleCount:15.0]]
[2022.04.23-14.09.56:196][  0]LogConfig: Setting CVar [[r.SkyLight.RealTimeReflectionCapture:1]]
[2022.04.23-14.09.56:196][  0]LogConfig: Applying CVar settings from Section [FoliageQuality@3] File [E:/Merci-Bkp/000-SchizophrenyaProject/Schizophrenya_VR/SchizophrenyaVR/Saved/Config/Windows/Scalability.ini]
[2022.04.23-14.09.56:196][  0]LogConfig: Setting CVar [[foliage.DensityScale:1.0]]
[2022.04.23-14.09.56:196][  0]LogConfig: Setting CVar [[grass.DensityScale:1.0]]
[2022.04.23-14.09.56:197][  0]LogConfig: Applying CVar settings from Section [ShadingQuality@3] File [E:/Merci-Bkp/000-SchizophrenyaProject/Schizophrenya_VR/SchizophrenyaVR/Saved/Config/Windows/Scalability.ini]
[2022.04.23-14.09.56:197][  0]LogConfig: Setting CVar [[r.HairStrands.SkyLighting.IntegrationType:2]]
[2022.04.23-14.09.56:197][  0]LogConfig: Setting CVar [[r.HairStrands.SkyAO.SampleCount:4]]
[2022.04.23-14.09.56:197][  0]LogConfig: Setting CVar [[r.HairStrands.Visibility.MSAA.SamplePerPixel:4]]
[2022.04.23-14.09.56:197][  0]LogConfig: Applying CVar settings from Section [Startup] File [../../../Engine/Config/ConsoleVariables.ini]
[2022.04.23-14.09.56:197][  0]LogConfig: Setting CVar [[net.UseAdaptiveNetUpdateFrequency:0]]
[2022.04.23-14.09.56:197][  0]LogConfig: Setting CVar [[p.chaos.AllowCreatePhysxBodies:1]]
[2022.04.23-14.09.56:197][  0]LogConfig: Setting CVar [[fx.SkipVectorVMBackendOptimizations:1]]
[2022.04.23-14.09.56:197][  0]LogConfig: Applying CVar settings from Section [ConsoleVariables] File [E:/Merci-Bkp/000-SchizophrenyaProject/Schizophrenya_VR/SchizophrenyaVR/Saved/Config/Windows/Engine.ini]
[2022.04.23-14.09.56:197][  0]LogConfig: Applying CVar settings from Section [ConsoleVariables] File [E:/Merci-Bkp/000-SchizophrenyaProject/Schizophrenya_VR/SchizophrenyaVR/Saved/Config/Windows/Editor.ini]
[2022.04.23-14.09.56:199][  0]LogInit: Computer: PC-CASAGTX1665S
[2022.04.23-14.09.56:199][  0]LogInit: User: user
[2022.04.23-14.09.56:199][  0]LogInit: CPU Page size=4096, Cores=6
[2022.04.23-14.09.56:199][  0]LogInit: High frequency timer resolution =10.000000 MHz
[2022.04.23-14.09.56:199][  0]LogMemory: Memory total: Physical=15.9GB (16GB approx)
[2022.04.23-14.09.56:199][  0]LogMemory: Platform Memory Stats for Windows
[2022.04.23-14.09.56:199][  0]LogMemory: Process Physical Memory: 161.23 MB used, 161.23 MB peak
[2022.04.23-14.09.56:199][  0]LogMemory: Process Virtual Memory: 143.44 MB used, 143.44 MB peak
[2022.04.23-14.09.56:199][  0]LogMemory: Physical Memory: 7403.79 MB used,  8849.51 MB free, 16253.30 MB total
[2022.04.23-14.09.56:199][  0]LogMemory: Virtual Memory: 134208160.00 MB used,  9570.43 MB free, 134217728.00 MB total
[2022.04.23-14.09.56:203][  0]LogWindows: WindowsPlatformFeatures enabled
[2022.04.23-14.09.56:524][  0]LogInit: Physics initialised using underlying interface: PhysX
[2022.04.23-14.09.56:530][  0]LogInit: Overriding language with editor language configuration option (en).
[2022.04.23-14.09.56:530][  0]LogInit: Overriding language with editor locale configuration option (en).
[2022.04.23-14.09.57:261][  0]LogInit: Setting process to per monitor DPI aware
[2022.04.23-14.09.57:297][  0]LogWindowsTextInputMethodSystem: Display: IME system deactivated.
[2022.04.23-14.09.57:819][  0]LogSlate: New Slate User Created.  User Index 0, Is Virtual User: 0
[2022.04.23-14.09.57:819][  0]LogSlate: Slate User Registered.  User Index 0, Is Virtual User: 0
[2022.04.23-14.10.00:130][  0]LogD3D11RHI: Loaded GFSDK_Aftermath_Lib.x64.dll
[2022.04.23-14.10.00:359][  0]LogHMD: Failed to initialize OpenVR with code 126
[2022.04.23-14.10.00:359][  0]LogD3D11RHI: D3D11 min allowed feature level: 11_0
[2022.04.23-14.10.00:359][  0]LogD3D11RHI: D3D11 max allowed feature level: 11_0
[2022.04.23-14.10.00:359][  0]LogD3D11RHI: D3D11 adapters:
[2022.04.23-14.10.00:430][  0]LogD3D11RHI:    0. 'NVIDIA GeForce GTX 1650' (Feature Level 11_0)
[2022.04.23-14.10.00:430][  0]LogD3D11RHI:       3962/0/8126 MB DedicatedVideo/DedicatedSystem/SharedSystem, Outputs:1, VendorId:0x10de
[2022.04.23-14.10.00:431][  0]LogD3D11RHI:    1. 'Microsoft Basic Render Driver' (Feature Level 11_0)
[2022.04.23-14.10.00:431][  0]LogD3D11RHI:       0/0/8126 MB DedicatedVideo/DedicatedSystem/SharedSystem, Outputs:0, VendorId:0x1414
[2022.04.23-14.10.00:431][  0]LogD3D11RHI: Chosen D3D11 Adapter:
[2022.04.23-14.10.00:431][  0]LogD3D11RHI:     Description : NVIDIA GeForce GTX 1650
[2022.04.23-14.10.00:431][  0]LogD3D11RHI:     VendorId    : 10de
[2022.04.23-14.10.00:431][  0]LogD3D11RHI:     DeviceId    : 1f82
[2022.04.23-14.10.00:431][  0]LogD3D11RHI:     SubSysId    : 87721043
[2022.04.23-14.10.00:431][  0]LogD3D11RHI:     Revision    : 00a1
[2022.04.23-14.10.00:431][  0]LogD3D11RHI:     DedicatedVideoMemory : 4154458112 bytes
[2022.04.23-14.10.00:431][  0]LogD3D11RHI:     DedicatedSystemMemory : 0 bytes
[2022.04.23-14.10.00:431][  0]LogD3D11RHI:     SharedSystemMemory : 8521408512 bytes
[2022.04.23-14.10.00:431][  0]LogD3D11RHI:     AdapterLuid : 0 76649
[2022.04.23-14.10.00:437][  0]LogD3D11RHI: Creating new Direct3DDevice
[2022.04.23-14.10.00:437][  0]LogD3D11RHI:     GPU DeviceId: 0x1f82 (for the marketing name, search the web for "GPU Device Id")
[2022.04.23-14.10.00:437][  0]LogWindows: EnumDisplayDevices:
[2022.04.23-14.10.00:437][  0]LogWindows:    0. 'NVIDIA GeForce GTX 1650' (P:1 D:1)
[2022.04.23-14.10.00:437][  0]LogWindows:    1. 'NVIDIA GeForce GTX 1650' (P:0 D:0)
[2022.04.23-14.10.00:438][  0]LogWindows:    2. 'NVIDIA GeForce GTX 1650' (P:0 D:0)
[2022.04.23-14.10.00:438][  0]LogWindows:    3. 'NVIDIA GeForce GTX 1650' (P:0 D:0)
[2022.04.23-14.10.00:438][  0]LogWindows: DebugString: FoundDriverCount:4 
[2022.04.23-14.10.00:438][  0]LogD3D11RHI:     Adapter Name: NVIDIA GeForce GTX 1650
[2022.04.23-14.10.00:438][  0]LogD3D11RHI:   Driver Version: 512.15 (internal:30.0.15.1215, unified:512.15)
[2022.04.23-14.10.00:438][  0]LogD3D11RHI:      Driver Date: 3-17-2022
[2022.04.23-14.10.00:438][  0]LogRHI: Texture pool is 2773 MB (70% of 3962 MB)
[2022.04.23-14.10.00:438][  0]LogD3D11RHI: Creating D3DDevice using adapter:
[2022.04.23-14.10.00:438][  0]LogD3D11RHI:     Description : NVIDIA GeForce GTX 1650
[2022.04.23-14.10.00:438][  0]LogD3D11RHI:     VendorId    : 10de
[2022.04.23-14.10.00:438][  0]LogD3D11RHI:     DeviceId    : 1f82
[2022.04.23-14.10.00:438][  0]LogD3D11RHI:     SubSysId    : 87721043
[2022.04.23-14.10.00:438][  0]LogD3D11RHI:     Revision    : 00a1
[2022.04.23-14.10.00:438][  0]LogD3D11RHI:     DedicatedVideoMemory : 4154458112 bytes
[2022.04.23-14.10.00:438][  0]LogD3D11RHI:     DedicatedSystemMemory : 0 bytes
[2022.04.23-14.10.00:438][  0]LogD3D11RHI:     SharedSystemMemory : 8521408512 bytes
[2022.04.23-14.10.00:438][  0]LogD3D11RHI:     AdapterLuid : 0 76649
[2022.04.23-14.10.00:482][  0]LogD3D11RHI: RHI has support for 64 bit atomics
[2022.04.23-14.10.00:482][  0]LogD3D11RHI: Async texture creation enabled
[2022.04.23-14.10.00:482][  0]LogD3D11RHI: Array index from any shader is supported
[2022.04.23-14.10.00:551][  0]LogD3D11RHI: GPU Timing Frequency: 1000.000000 (Debug: 2 2)
[2022.04.23-14.10.00:645][  0]LogRHI: GeForceNow SDK initialized: 1
[2022.04.23-14.10.01:152][  0]LogTargetPlatformManager: Display: Loaded TargetPlatform 'AllDesktop'
[2022.04.23-14.10.01:192][  0]LogTargetPlatformManager: Display: Loaded TargetPlatform 'Android'
[2022.04.23-14.10.01:192][  0]LogTargetPlatformManager: Display: Loaded TargetPlatform 'Android_ASTC'
[2022.04.23-14.10.01:192][  0]LogTargetPlatformManager: Display: Loaded TargetPlatform 'Android_DXT'
[2022.04.23-14.10.01:192][  0]LogTargetPlatformManager: Display: Loaded TargetPlatform 'Android_ETC2'
[2022.04.23-14.10.01:192][  0]LogTargetPlatformManager: Display: Loaded TargetPlatform 'AndroidClient'
[2022.04.23-14.10.01:192][  0]LogTargetPlatformManager: Display: Loaded TargetPlatform 'Android_ASTCClient'
[2022.04.23-14.10.01:192][  0]LogTargetPlatformManager: Display: Loaded TargetPlatform 'Android_DXTClient'
[2022.04.23-14.10.01:192][  0]LogTargetPlatformManager: Display: Loaded TargetPlatform 'Android_ETC2Client'
[2022.04.23-14.10.01:192][  0]LogTargetPlatformManager: Display: Loaded TargetPlatform 'Android_Multi'
[2022.04.23-14.10.01:192][  0]LogTargetPlatformManager: Display: Loaded TargetPlatform 'Android_MultiClient'
[2022.04.23-14.10.01:247][  0]LogTargetPlatformManager: Display: Loaded TargetPlatform 'IOSClient'
[2022.04.23-14.10.01:247][  0]LogTargetPlatformManager: Display: Loaded TargetPlatform 'IOS'
[2022.04.23-14.10.01:270][  0]LogTargetPlatformManager: Display: Loaded TargetPlatform 'Linux'
[2022.04.23-14.10.01:289][  0]LogTargetPlatformManager: Display: Loaded TargetPlatform 'LinuxNoEditor'
[2022.04.23-14.10.01:305][  0]LogTargetPlatformManager: Display: Loaded TargetPlatform 'LinuxClient'
[2022.04.23-14.10.01:321][  0]LogTargetPlatformManager: Display: Loaded TargetPlatform 'LinuxServer'
[2022.04.23-14.10.01:345][  0]LogTargetPlatformManager: Display: Loaded TargetPlatform 'LinuxAArch64NoEditor'
[2022.04.23-14.10.01:360][  0]LogTargetPlatformManager: Display: Loaded TargetPlatform 'LinuxAArch64Client'
[2022.04.23-14.10.01:378][  0]LogTargetPlatformManager: Display: Loaded TargetPlatform 'LinuxAArch64Server'
[2022.04.23-14.10.01:421][  0]LogTargetPlatformManager: Display: Loaded TargetPlatform 'Lumin'
[2022.04.23-14.10.01:421][  0]LogTargetPlatformManager: Display: Loaded TargetPlatform 'LuminClient'
[2022.04.23-14.10.01:442][  0]LogTargetPlatformManager: Display: Loaded TargetPlatform 'MacNoEditor'
[2022.04.23-14.10.01:460][  0]LogTargetPlatformManager: Display: Loaded TargetPlatform 'Mac'
[2022.04.23-14.10.01:477][  0]LogTargetPlatformManager: Display: Loaded TargetPlatform 'MacClient'
[2022.04.23-14.10.01:497][  0]LogTargetPlatformManager: Display: Loaded TargetPlatform 'MacServer'
[2022.04.23-14.10.01:520][  0]LogTargetPlatformManager: Display: Loaded TargetPlatform 'TVOSClient'
[2022.04.23-14.10.01:520][  0]LogTargetPlatformManager: Display: Loaded TargetPlatform 'TVOS'
[2022.04.23-14.10.01:541][  0]LogTargetPlatformManager: Display: Loaded TargetPlatform 'WindowsNoEditor'
[2022.04.23-14.10.01:559][  0]LogTargetPlatformManager: Display: Loaded TargetPlatform 'Windows'
[2022.04.23-14.10.01:576][  0]LogTargetPlatformManager: Display: Loaded TargetPlatform 'WindowsClient'
[2022.04.23-14.10.01:592][  0]LogTargetPlatformManager: Display: Loaded TargetPlatform 'WindowsServer'
[2022.04.23-14.10.01:592][  0]LogTargetPlatformManager: Display: Building Assets For Windows
[2022.04.23-14.10.01:672][  0]LogAudioDebug: Display: Lib vorbis DLL was dynamically loaded.
[2022.04.23-14.10.01:880][  0]LogTextureFormatOodle: Display: Oodle Texture 2.9.0 init RDO Off
[2022.04.23-14.10.02:206][  0]LogRendererCore: Ray tracing is disabled. Reason: r.RayTracing=0.
[2022.04.23-14.10.02:211][  0]LogShaderCompilers: Guid format shader working directory is -26 characters bigger than the processId version (E:/Merci-Bkp/000-SchizophrenyaProject/Schizophrenya_VR/SchizophrenyaVR/Intermediate/Shaders/WorkingDirectory/16420/).
[2022.04.23-14.10.02:211][  0]LogShaderCompilers: Cleaned the shader compiler working directory 'C:/Users/user/AppData/Local/Temp/UnrealShaderWorkingDir/AAEFEE4849DAE5AA397E3194306F1F8F/'.
[2022.04.23-14.10.02:212][  0]LogXGEController: Cannot use XGE Controller as Incredibuild is not installed on this machine.
[2022.04.23-14.10.02:212][  0]LogShaderCompilers: Cannot use XGE Shader Compiler as Incredibuild is not installed on this machine.
[2022.04.23-14.10.02:212][  0]LogShaderCompilers: Display: Using Local Shader Compiler.
[2022.04.23-14.10.04:856][  0]LogDerivedDataCache: Display: Max Cache Size: 512 MB
[2022.04.23-14.10.05:103][  0]LogDerivedDataCache: Loaded boot cache 0.25s 109MB C:/Users/user/AppData/Local/UnrealEngine/4.27/DerivedDataCache/Boot.ddc.
[2022.04.23-14.10.05:103][  0]LogDerivedDataCache: Display: Loaded Boot cache: C:/Users/user/AppData/Local/UnrealEngine/4.27/DerivedDataCache/Boot.ddc
[2022.04.23-14.10.05:104][  0]LogDerivedDataCache: FDerivedDataBackendGraph:  Pak pak cache file E:/Merci-Bkp/000-SchizophrenyaProject/Schizophrenya_VR/SchizophrenyaVR/DerivedDataCache/DDC.ddp not found, will not use a pak cache.
[2022.04.23-14.10.05:104][  0]LogDerivedDataCache: Unable to find inner node Pak for hierarchical cache Hierarchy.
[2022.04.23-14.10.05:104][  0]LogDerivedDataCache: FDerivedDataBackendGraph:  CompressedPak pak cache file E:/Merci-Bkp/000-SchizophrenyaProject/Schizophrenya_VR/SchizophrenyaVR/DerivedDataCache/Compressed.ddp not found, will not use a pak cache.
[2022.04.23-14.10.05:104][  0]LogDerivedDataCache: Unable to find inner node CompressedPak for hierarchical cache Hierarchy.
[2022.04.23-14.10.05:132][  0]LogDerivedDataCache: Display: Pak cache opened for reading ../../../Engine/DerivedDataCache/Compressed.ddp.
[2022.04.23-14.10.05:132][  0]LogDerivedDataCache: FDerivedDataBackendGraph:  EnterprisePak pak cache file ../../../Enterprise/DerivedDataCache/Compressed.ddp not found, will not use a pak cache.
[2022.04.23-14.10.05:132][  0]LogDerivedDataCache: Unable to find inner node EnterprisePak for hierarchical cache Hierarchy.
[2022.04.23-14.10.05:136][  0]LogDerivedDataCache: Speed tests for C:/Users/user/AppData/Local/UnrealEngine/Common/DerivedDataCache took 0.00 seconds
[2022.04.23-14.10.05:136][  0]LogDerivedDataCache: Display: Performance to C:/Users/user/AppData/Local/UnrealEngine/Common/DerivedDataCache: Latency=0.02ms. RandomReadSpeed=1896.93MBs, RandomWriteSpeed=282.49MBs. Assigned SpeedClass 'Local'
[2022.04.23-14.10.05:137][  0]LogDerivedDataCache: Using Local data cache path C:/Users/user/AppData/Local/UnrealEngine/Common/DerivedDataCache: Writable
[2022.04.23-14.10.05:137][  0]LogDerivedDataCache: Shared data cache path not found in *engine.ini, will not use an Shared cache.
[2022.04.23-14.10.05:137][  0]LogDerivedDataCache: Unable to find inner node Shared for hierarchical cache Hierarchy.
[2022.04.23-14.10.05:186][  0]LogSlate: Using FreeType 2.10.0
[2022.04.23-14.10.05:196][  0]LogSlate: SlateFontServices - WITH_FREETYPE: 1, WITH_HARFBUZZ: 1
[2022.04.23-14.10.05:257][  0]LogAssetRegistry: FAssetRegistry took 0.0081 seconds to start up
[2022.04.23-14.10.05:642][  0]LogInit: Selected Device Profile: [Windows]
[2022.04.23-14.10.05:642][  0]LogInit: Active device profile: [0000020C382DED00][0000020C33D85600 49] Windows
[2022.04.23-14.10.05:642][  0]LogInit: Profiles: [0000020C382DED00][0000020C33D85600 49] Windows, [0000020C3827DD00][0000020C33D8D780 49] WindowsNoEditor, [0000020C382DFC00][0000020C33D91900 49] WindowsServer, [0000020C3827EA00][0000020C33D95A80 49] WindowsClient, [0000020C382DD800][0000020C33D99C00 49] IOS, [0000020C3827D300][0000020C33D9C200 49] iPadAir, [0000020C382DE500][0000020C33DA0380 49] iPadAir2, [0000020C3821D300][0000020C33DA8640 49] IPadPro, [0000020C3821D400][0000020C33DA4680 49] iPadAir3, [0000020C3827FA00][0000020C33DAC800 49] iPadAir4, [0000020C3821E100][0000020C372AC980 49] iPadMini2, [0000020C3827EF00][0000020C372B0B00 49] iPadMini3, [0000020C3821EC00][0000020C372B4C80 49] iPadMini4, [0000020C3827DE00][0000020C372B8E00 49] iPadMini5, [0000020C38244C00][0000020C372BD040 49] iPhone6, [0000020C38244D00][0000020C33D89080 49] iPodTouch6, [0000020C382DDB00][0000020C372C52C0 49] iPhone7, [0000020C382DDA00][0000020C372C1300 49] iPodTouch7, [0000020C3821D100][0000020C372CD480 49] iPhone5S, [0000020C382DD500][0000020C372D1600 49] iPhone6Plus, [0000020C38244100][0000020C372D5780 49] iPhone6S, [0000020C3821C800][0000020C372D9900 49] iPhone6SPlus, [0000020C38247E00][0000020C372DDA80 49] iPhone7Plus, [0000020C3821CF00][0000020C372E1C00 49] iPhoneSE, [0000020C38247800][0000020C372E4200 49] iPhone8, [0000020C3821F600][0000020C372E8380 49] iPhone8Plus, [0000020C38246400][0000020C372EC500 49] iPhoneX, [0000020C3821D900][0000020C372F0680 49] iPhoneXS, [0000020C38246F00][0000020C372F4800 49] iPhoneXSMax, [0000020C382DC300][0000020C372F8980 49] iPhoneXR, [0000020C38245100][0000020C372FCB00 49] iPhone11, [0000020C382DD200][0000020C37300C80 49] iPhone11Pro, [0000020C38247A00][0000020C37304E00 49] iPhone11ProMax, [0000020C382DEC00][0000020C37308F80 49] iPhoneSE2, [0000020C38245600][0000020C3730D100 49] iPhone12Mini, [0000020C382DF400][0000020C372C9240 49] iPhone12, [0000020C38247600][0000020C37311380 49] iPhone12Pro, [0000020C382DC700][0000020C373154C0 49] iPhone12ProMax, [0000020C38246100][0000020C3731D640 49] iPadPro105, [0000020C382DEA00][0000020C373217C0 49] iPadPro129, [0000020C38245400][0000020C37325940 49] iPadPro97, [0000020C382DE000][0000020C37329AC0 49] iPadPro2_129, [0000020C38244500][0000020C3732C0C0 49] iPad5, [0000020C382DEF00][0000020C37330240 49] iPad6, [0000020C38247000][0000020C373343C0 49] iPad7, [0000020C382DDE00][0000020C37338540 49] iPad8, [0000020C38247300][0000020C3733C6C0 49] iPadPro11, [0000020C382DCA00][0000020C37340840 49] iPadPro2_11, [0000020C38244B00][0000020C373449C0 49] iPadPro3_129, [0000020C382DCF00][0000020C37348B40 49] iPadPro4_129, [0000020C38245D00][0000020C3734CCC0 49] AppleTV, [0000020C382DF600][0000020C37350E40 49] AppleTV4K, [0000020C38245F00][0000020C37354FC0 49] TVOS, [0000020C382DC400][0000020C37359140 49] Mac, [0000020C38246500][0000020C3735D2C0 49] MacClient, [0000020C382DC200][0000020C37319400 49] MacNoEditor, [0000020C38244E00][0000020C37361540 49] MacServer, [0000020C382DEB00][0000020C37365680 49] Linux, [0000020C38246300][0000020C373697C0 49] LinuxAArch64, [0000020C382DDC00][0000020C37371940 49] LinuxNoEditor, [0000020C38244700][0000020C37375AC0 49] LinuxAArch64NoEditor, [0000020C382DD600][0000020C373780C0 49] LinuxClient, [0000020C38244900][0000020C3737C240 49] LinuxAArch64Client, [0000020C382DE200][0000020C373803C0 49] LinuxServer, [0000020C38247400][0000020C37384540 49] LinuxAArch64Server, [0000020C382DF900][0000020C373886C0 49] Android, [0000020C38246B00][0000020C3738C840 49] Android_Low, [0000020C382DD400][0000020C373909C0 49] Android_Mid, [0000020C38246600][0000020C37394B40 49] Android_High, [0000020C382DCB00][0000020C37398CC0 49] Android_Default, [0000020C38246D00][0000020C3739CE40 49] Android_Adreno4xx, [0000020C382DC600][0000020C373A0FC0 49] Android_Adreno5xx_Low, [0000020C38246E00][0000020C373A5140 49] Android_Adreno5xx, [0000020C382DF500][0000020C373A92C0 49] Android_Adreno6xx, [0000020C38245E00][0000020C373AD440 49] Android_Adreno6xx_Vulkan, [0000020C3827FD00][0000020C3736D580 49] Android_Mali_T6xx, [0000020C3821D800][0000020C373B16C0 49] Android_Mali_T7xx, [0000020C3827FC00][0000020C373B5800 49] Android_Mali_T8xx, [0000020C3821DA00][0000020C373B9940 49] Android_Mali_G71, [0000020C3827E000][0000020C373C1AC0 49] Android_Mali_G72, [0000020C3821FB00][0000020C373C40C0 49] Android_Mali_G72_Vulkan, [0000020C3827DA00][0000020C373C8240 49] Android_Mali_G76, [0000020C3821C500][0000020C373CC3C0 49] Android_Mali_G76_Vulkan, [0000020C3827C600][0000020C373D0540 49] Android_Mali_G77, [0000020C3821F700][0000020C373D46C0 49] Android_Mali_G77_Vulkan, [0000020C3827C200][0000020C373D8840 49] Android_Mali_G78, [0000020C3821F400][0000020C373DC9C0 49] Android_Mali_G78_Vulkan, [0000020C3827ED00][0000020C373E0B40 49] Android_Mali_G710, [0000020C3821EF00][0000020C373E4CC0 49] Android_Mali_G710_Vulkan, [0000020C3827F400][0000020C373E8E40 49] Android_Vulkan_SM5, [0000020C3821CE00][0000020C373ECFC0 49] Android_PowerVR_G6xxx, [0000020C3827E600][0000020C373F1140 49] Android_PowerVR_GT7xxx, [0000020C3821C200][0000020C373F52C0 49] Android_PowerVR_GE8xxx, [0000020C3827D600][0000020C373F9440 49] Android_PowerVR_GM9xxx, [0000020C3821DE00][0000020C373FD5C0 49] Android_PowerVR_GM9xxx_Vulkan, [0000020C3827F700][0000020C38411740 49] Android_TegraK1, [0000020C3821E000][0000020C373BD880 49] Android_Unknown_Vulkan, [0000020C3827CC00][0000020C384159C0 49] Lumin, [0000020C3821C600][0000020C38419B00 49] Lumin_Desktop, [0000020C38247100][0000020C38420100 49] HoloLens, 
[2022.04.23-14.10.06:201][  0]LogLinker: Warning: Failed to read package file summary, the file "E:/Merci-Bkp/000-SchizophrenyaProject/Schizophrenya_VR/SchizophrenyaVR/Content/ClassicMansion/Materials/M_Siding.uasset" is too small (0 bytes, expected at least 32 bytes)
[2022.04.23-14.10.06:201][  0]LogAssetRegistry: Error: Package E:/Merci-Bkp/000-SchizophrenyaProject/Schizophrenya_VR/SchizophrenyaVR/Content/ClassicMansion/Materials/M_Siding.uasset has malformed tag
[2022.04.23-14.10.06:201][  0]LogMeshReduction: Using QuadricMeshReduction for automatic static mesh reduction
[2022.04.23-14.10.06:201][  0]LogMeshReduction: Using SimplygonMeshReduction for automatic skeletal mesh reduction
[2022.04.23-14.10.06:201][  0]LogMeshReduction: Using ProxyLODMeshReduction for automatic mesh merging
[2022.04.23-14.10.06:201][  0]LogMeshReduction: No distributed automatic mesh merging module available
[2022.04.23-14.10.06:202][  0]LogMeshMerging: No distributed automatic mesh merging module available
[2022.04.23-14.10.06:298][  0]LogNetVersion: SchizophrenyaVR 1.0.0, NetCL: 17155196, EngineNetVer: 17, GameNetVer: 0 (Checksum: 1280554708)
[2022.04.23-14.10.07:773][  0]LogTexture: Default maximum texture size for cubemaps generated from long-lat sources has been changed from 512 to unlimited. In order to preserve old behaiour for '/Engine/MapTemplates/Sky/DaylightAmbientCubemap.DaylightAmbientCubemap', its maximum texture size has been explicitly set to 512.
[2022.04.23-14.10.07:921][  0]LogHMD: PokeAHoleMaterial loaded successfully
[2022.04.23-14.10.07:928][  0]LogUObjectArray: 17246 objects as part of root set at end of initial load.
[2022.04.23-14.10.07:929][  0]LogUObjectAllocator: 4323584 out of 0 bytes used by permanent object pool.
[2022.04.23-14.10.07:929][  0]LogUObjectArray: CloseDisregardForGC: 0/0 objects in disregard for GC pool
[2022.04.23-14.10.09:008][  0]LogNiagaraDebuggerClient: Niagara Debugger Client Initialized | Session: 8E20E18D45FA7330057838BB0EAEF0DA | Instance: F33E97BD437AF844BC9B83B87D553152 (PC-CASAGTX1665S-16420).
[2022.04.23-14.10.10:302][  0]LogPython: Using Python 3.7.7
[2022.04.23-14.10.10:950][  0]LogTcpMessaging: Initializing TcpMessaging bridge
[2022.04.23-14.10.10:973][  0]LogUdpMessaging: Initializing bridge on interface 0.0.0.0:0 to multicast group 230.0.0.1:6666.
[2022.04.23-14.10.11:774][  0]SourceControl: Source control is disabled
[2022.04.23-14.10.11:774][  0]SourceControl: Source control is disabled
[2022.04.23-14.10.11:812][  0]SourceControl: Source control is disabled
[2022.04.23-14.10.11:852][  0]SourceControl: Source control is disabled
[2022.04.23-14.10.11:873][  0]SourceControl: Source control is disabled
[2022.04.23-14.10.11:911][  0]LogUProjectInfo: Found projects:
[2022.04.23-14.10.13:148][  0]LogOpenImageDenoise: OIDN starting up
[2022.04.23-14.10.13:329][  0]LogAndroidPermission: UAndroidPermissionCallbackProxy::GetInstance
[2022.04.23-14.10.13:447][  0]LogAudioCaptureCore: Display: No Audio Capture implementations found. Audio input will be silent.
[2022.04.23-14.10.13:447][  0]LogAudioCaptureCore: Display: No Audio Capture implementations found. Audio input will be silent.
[2022.04.23-14.10.14:077][  0]LogCollectionManager: Loaded 0 collections in 0.002682 seconds
[2022.04.23-14.10.14:225][  0]LogFileCache: Scanning file cache for directory 'E:/Merci-Bkp/000-SchizophrenyaProject/Schizophrenya_VR/SchizophrenyaVR/Saved/Collections/' took 0.00s
[2022.04.23-14.10.14:225][  0]LogFileCache: Scanning file cache for directory 'E:/Merci-Bkp/000-SchizophrenyaProject/Schizophrenya_VR/SchizophrenyaVR/Content/Developers/user/Collections/' took 0.00s
[2022.04.23-14.10.14:225][  0]LogFileCache: Scanning file cache for directory 'E:/Merci-Bkp/000-SchizophrenyaProject/Schizophrenya_VR/SchizophrenyaVR/Content/Collections/' took 0.00s
[2022.04.23-14.10.14:225][  0]LogOcInput: OculusInput pre-init called
[2022.04.23-14.10.14:870][  0]LogClass: Display: StructProperty FPointerPoseInfo::Origin is not initialized properly. Module:WindowsMixedRealityHMD File:Public/WindowsMixedRealityFunctionLibrary.h
[2022.04.23-14.10.14:870][  0]LogClass: Display: StructProperty FPointerPoseInfo::Direction is not initialized properly. Module:WindowsMixedRealityHMD File:Public/WindowsMixedRealityFunctionLibrary.h
[2022.04.23-14.10.14:870][  0]LogClass: Display: StructProperty FPointerPoseInfo::Up is not initialized properly. Module:WindowsMixedRealityHMD File:Public/WindowsMixedRealityFunctionLibrary.h
[2022.04.23-14.10.14:870][  0]LogClass: Display: StructProperty FPointerPoseInfo::Orientation is not initialized properly. Module:WindowsMixedRealityHMD File:Public/WindowsMixedRealityFunctionLibrary.h
[2022.04.23-14.10.14:870][  0]LogClass: Display: EnumProperty FPointerPoseInfo::TrackingStatus is not initialized properly. Module:WindowsMixedRealityHMD File:Public/WindowsMixedRealityFunctionLibrary.h
[2022.04.23-14.10.14:877][  0]LogClass: Display: Int8Property FMTSJson::version is not initialized properly. Module:MegascansPlugin File:Private/Utilities/MTSReader.h
[2022.04.23-14.10.14:877][  0]LogClass: Display: Int16Property FMTSJson::resolutionValue is not initialized properly. Module:MegascansPlugin File:Private/Utilities/MTSReader.h
[2022.04.23-14.10.14:877][  0]LogClass: Display: BoolProperty FMTSJson::isExternal is not initialized properly. Module:MegascansPlugin File:Private/Utilities/MTSReader.h
[2022.04.23-14.10.14:877][  0]LogClass: Display: Int8Property FMTSJson::meshVersion is not initialized properly. Module:MegascansPlugin File:Private/Utilities/MTSReader.h
[2022.04.23-14.10.14:877][  0]LogClass: Display: BoolProperty FMTSJson::isCustom is not initialized properly. Module:MegascansPlugin File:Private/Utilities/MTSReader.h
[2022.04.23-14.10.14:877][  0]LogClass: Display: BoolProperty FMTSJson::isModularAsset is not initialized properly. Module:MegascansPlugin File:Private/Utilities/MTSReader.h
[2022.04.23-14.10.14:877][  0]LogClass: Display: Int8Property FLodList::variation is not initialized properly. Module:MegascansPlugin File:Private/Utilities/MTSReader.h
[2022.04.23-14.10.14:877][  0]LogClass: Display: Int16Property FMeshList::resolution is not initialized properly. Module:MegascansPlugin File:Private/Utilities/MTSReader.h
[2022.04.23-14.10.14:877][  0]LogClass: Display: Int16Property FComponents::resolution is not initialized properly. Module:MegascansPlugin File:Private/Utilities/MTSReader.h
[2022.04.23-14.10.14:877][  0]LogClass: Display: BoolProperty FTextureSets::isUdim is not initialized properly. Module:MegascansPlugin File:Private/Utilities/MTSReader.h
[2022.04.23-14.10.14:877][  0]LogClass: Display: BoolProperty FMeta::value is not initialized properly. Module:MegascansPlugin File:Private/Utilities/MTSReader.h
[2022.04.23-14.10.14:877][  0]LogClass: Display: 16 Uninitialized script struct members found including 0 object properties
[2022.04.23-14.10.14:887][  0]LogEngine: Initializing Engine...
[2022.04.23-14.10.14:949][  0]LogHMD: Failed to initialize OpenVR with code 108
[2022.04.23-14.10.15:005][  0]LogHMD: Optional extension XR_VARJO_quad_views is not available
[2022.04.23-14.10.15:006][  0]LogHMD: Warning: Required extension XR_EXT_eye_gaze_interaction is not available
[2022.04.23-14.10.15:006][  0]LogHMD: Could not enable all required OpenXR extensions for OpenXREyeTracker on current system. This plugin will be loaded but ignored, but will be enabled on a target platform that supports the required extension.
[2022.04.23-14.10.15:508][  0]LogHMD: Failed to get an OpenXR system, result is XR_ERROR_FORM_FACTOR_UNAVAILABLE. Please check that your runtime supports VR headsets.
[2022.04.23-14.10.15:518][  0]LogHoloLensAR: HoloLens AR system has been initialized
[2022.04.23-14.10.15:523][  0]LogStats: UGameplayTagsManager::InitializeManager -  0.001 s
[2022.04.23-14.10.15:831][  0]LogInit: Initializing FReadOnlyCVARCache
[2022.04.23-14.10.15:899][  0]LogAIModule: Creating AISystem for world Untitled
[2022.04.23-14.10.15:909][  0]LogAudio: Display: Initializing Audio Device Manager...
[2022.04.23-14.10.15:925][  0]LogAudio: Display: Loading Default Audio Settings Objects...
[2022.04.23-14.10.15:928][  0]LogAudio: Display: No default SoundConcurrencyObject specified (or failed to load).
[2022.04.23-14.10.15:930][  0]LogAudio: Display: Audio Device Manager Initialized
[2022.04.23-14.10.15:930][  0]LogAudio: Display: Creating Audio Device:                 Id: 1, Scope: Shared, Realtime: True
[2022.04.23-14.10.15:931][  0]LogAudioMixer: Display: Audio Mixer Platform Settings:
[2022.04.23-14.10.15:931][  0]LogAudioMixer: Display: 	Sample Rate:						  48000
[2022.04.23-14.10.15:931][  0]LogAudioMixer: Display: 	Callback Buffer Frame Size Requested: 1024
[2022.04.23-14.10.15:931][  0]LogAudioMixer: Display: 	Callback Buffer Frame Size To Use:	  1024
[2022.04.23-14.10.15:931][  0]LogAudioMixer: Display: 	Number of buffers to queue:			  1
[2022.04.23-14.10.15:931][  0]LogAudioMixer: Display: 	Max Channels (voices):				  0
[2022.04.23-14.10.15:931][  0]LogAudioMixer: Display: 	Number of Async Source Workers:		  4
[2022.04.23-14.10.15:931][  0]LogAudio: Display: AudioDevice MaxSources: 32
[2022.04.23-14.10.15:933][  0]LogAudio: Display: Audio Spatialization Plugin: Resonance Audio is external send: 1
[2022.04.23-14.10.15:933][  0]LogAudio: Display: Audio Reverb Plugin: Resonance Audio
[2022.04.23-14.10.15:933][  0]LogAudio: Display: Audio Occlusion Plugin: None (built-in).
[2022.04.23-14.10.15:933][  0]LogAudioMixer: Display: Initializing audio mixer.
[2022.04.23-14.10.15:966][  0]LogAudioMixer: Display: 0: FrontLeft
[2022.04.23-14.10.15:966][  0]LogAudioMixer: Display: 1: FrontRight
[2022.04.23-14.10.15:995][  0]LogAudioMixer: Display: Using Audio Device SAMSUNG (NVIDIA High Definition Audio)
[2022.04.23-14.10.15:997][  0]LogAudioMixer: Display: Initializing Sound Submixes...
[2022.04.23-14.10.16:014][  0]LogAudioMixer: Display: Creating Master Submix 'MasterSubmixDefault'
[2022.04.23-14.10.16:015][  0]LogAudioMixer: Display: Creating Master Submix 'MasterReverbSubmixDefault'
[2022.04.23-14.10.16:017][  0]LogAudioMixer: Display: Creating Master Submix 'MasterEQSubmixDefault'
[2022.04.23-14.10.16:024][  0]LogAudioMixer: FMixerPlatformXAudio2::StartAudioStream() called
[2022.04.23-14.10.16:024][  0]LogAudioMixer: Display: Output buffers initialized: Frames=1024, Channels=2, Samples=2048
[2022.04.23-14.10.16:026][  0]LogAudioMixer: Display: Starting AudioMixerPlatformInterface::RunInternal()
[2022.04.23-14.10.16:026][  0]LogAudioMixer: Display: FMixerPlatformXAudio2::SubmitBuffer() called for the first time
[2022.04.23-14.10.16:026][  0]LogInit: FAudioDevice initialized.
[2022.04.23-14.10.16:026][  0]LogAudio: Display: Audio Device (ID: 1) registered with world 'Untitled'.
[2022.04.23-14.10.16:026][  0]LogNetVersion: Set ProjectVersion to 1.0.0.0. Version Checksum will be recalculated on next use.
[2022.04.23-14.10.16:089][  0]LogDerivedDataCache: Saved boot cache 0.06s 109MB C:/Users/user/AppData/Local/UnrealEngine/4.27/DerivedDataCache/Boot.ddc.
[2022.04.23-14.10.16:092][  0]LogInit: Texture streaming: Enabled
[2022.04.23-14.10.16:141][  0]LogAnalytics: Display: [UEEditor.Rocket.Release] APIServer = https://datarouter.ol.epicgames.com/. AppVersion = 4.27.2-18319896+++UE4+Release-4.27
[2022.04.23-14.10.16:155][  0]LogEngineSessionManager: EngineSessionManager initialized
[2022.04.23-14.10.16:156][  0]LogEditorSessionSummary: Verbose: Initializing EditorSessionSummaryWriter for editor session tracking
[2022.04.23-14.10.16:158][  0]LogEditorSessionSummary: EditorSessionSummaryWriter initialized
[2022.04.23-14.10.16:221][  0]LogInit: Transaction tracking system initialized
[2022.04.23-14.10.16:349][  0]BlueprintLog: New page: Editor Load
[2022.04.23-14.10.16:723][  0]LocalizationService: Localization service is disabled
[2022.04.23-14.10.16:869][  0]TimingProfiler: Initialize
[2022.04.23-14.10.16:872][  0]TimingProfiler: OnSessionChanged
[2022.04.23-14.10.16:873][  0]LoadingProfiler: Initialize
[2022.04.23-14.10.16:873][  0]LoadingProfiler: OnSessionChanged
[2022.04.23-14.10.16:873][  0]NetworkingProfiler: Initialize
[2022.04.23-14.10.16:874][  0]NetworkingProfiler: OnSessionChanged
[2022.04.23-14.10.16:874][  0]MemoryProfiler: Initialize
[2022.04.23-14.10.16:874][  0]MemoryProfiler: OnSessionChanged
[2022.04.23-14.10.17:569][  0]LogCook: Display: CookSettings for Memory: MemoryMaxUsedVirtual 0MiB, MemoryMaxUsedPhysical 16384MiB, MemoryMinFreeVirtual 0MiB, MemoryMinFreePhysical 1024MiB
[2022.04.23-14.10.17:569][  0]LogCook: Display: Mobile HDR setting 0
[2022.04.23-14.10.18:111][  0]LogFileCache: Scanning file cache for directory 'E:/Merci-Bkp/000-SchizophrenyaProject/Schizophrenya_VR/SchizophrenyaVR/Content/' took 0.01s
[2022.04.23-14.10.18:697][  0]LogInit: Display: Engine is initialized. Leaving FEngineLoop::Init()
[2022.04.23-14.10.18:705][  0]SourceControl: Source control is disabled
[2022.04.23-14.10.18:706][  0]LogUnrealEdMisc: Loading editor; pre map load, took 28.917
[2022.04.23-14.10.18:709][  0]Cmd: MAP LOAD FILE="E:/Merci-Bkp/000-SchizophrenyaProject/Schizophrenya_VR/SchizophrenyaVR/Content/Mapas/MapaPrincipal.umap" TEMPLATE=0 SHOWPROGRESS=1 FEATURELEVEL=3
[2022.04.23-14.10.18:710][  0]LightingResults: New page: Lighting Build
[2022.04.23-14.10.18:717][  0]LogWorld: UWorld::CleanupWorld for Untitled, bSessionEnded=true, bCleanupResources=true
[2022.04.23-14.10.18:720][  0]LogSlate: InvalidateAllWidgets triggered.  All widgets were invalidated
[2022.04.23-14.10.18:722][  0]MapCheck: New page: Map Check
[2022.04.23-14.10.18:722][  0]LightingResults: New page: Lighting Build
[2022.04.23-14.10.18:736][  0]LogAudio: Display: Audio Device unregistered from world 'None'.
[2022.04.23-14.10.18:746][  0]LogUObjectHash: Compacting FUObjectHashTables data took   0.65ms
